#! /usr/bin/vvp
:ivl_version "10.3 (stable)";
:ivl_delay_selection "TYPICAL";
:vpi_time_precision + 0;
:vpi_module "system";
:vpi_module "vhdl_sys";
:vpi_module "v2005_math";
:vpi_module "va_math";
S_0x5629d7bbcf30 .scope module, "top" "top" 2 3;
 .timescale 0 0;
v0x5629d7bea4a0_0 .var "I", 7 0;
v0x5629d7bea5b0_0 .net "OUT", 7 0, L_0x5629d7bef6c0;  1 drivers
v0x5629d7bea680_0 .var "clk", 0 0;
v0x5629d7bea750_0 .var "leftshift", 0 0;
v0x5629d7bea840_0 .var "reset", 0 0;
v0x5629d7bea930_0 .var "rightshift", 0 0;
v0x5629d7beaa20_0 .var "s", 1 0;
v0x5629d7beaac0_0 .var "temp", 7 0;
S_0x5629d7bbcb50 .scope module, "usr_1" "USR" 2 15, 3 4 0, S_0x5629d7bbcf30;
 .timescale 0 0;
    .port_info 0 /OUTPUT 8 "OUT"
    .port_info 1 /INPUT 8 "I"
    .port_info 2 /INPUT 1 "clk"
    .port_info 3 /INPUT 1 "reset"
    .port_info 4 /INPUT 2 "s"
    .port_info 5 /INPUT 1 "leftshift"
    .port_info 6 /INPUT 1 "rightshift"
v0x5629d7be9d80_0 .net "I", 7 0, v0x5629d7bea4a0_0;  1 drivers
v0x5629d7be9e80_0 .net "OUT", 7 0, L_0x5629d7bef6c0;  alias, 1 drivers
v0x5629d7be9f60_0 .net "clk", 0 0, v0x5629d7bea680_0;  1 drivers
v0x5629d7bea000_0 .net "leftshift", 0 0, v0x5629d7bea750_0;  1 drivers
v0x5629d7bea0d0_0 .net "reset", 0 0, v0x5629d7bea840_0;  1 drivers
v0x5629d7bea1c0_0 .net "rightshift", 0 0, v0x5629d7bea930_0;  1 drivers
v0x5629d7bea260_0 .net "s", 1 0, v0x5629d7beaa20_0;  1 drivers
v0x5629d7bea300_0 .net "w", 7 0, L_0x5629d7bedde0;  1 drivers
L_0x5629d7beab60 .part v0x5629d7beaa20_0, 1, 1;
L_0x5629d7beac50 .part v0x5629d7beaa20_0, 0, 1;
L_0x5629d7beacf0 .part v0x5629d7bea4a0_0, 0, 1;
L_0x5629d7beade0 .part L_0x5629d7bef6c0, 1, 1;
L_0x5629d7beaf00 .part L_0x5629d7bef6c0, 0, 1;
L_0x5629d7beafa0 .part v0x5629d7beaa20_0, 1, 1;
L_0x5629d7beb0b0 .part v0x5629d7beaa20_0, 0, 1;
L_0x5629d7beb150 .part v0x5629d7bea4a0_0, 1, 1;
L_0x5629d7beb270 .part L_0x5629d7bef6c0, 0, 1;
L_0x5629d7beb340 .part L_0x5629d7bef6c0, 2, 1;
L_0x5629d7beb470 .part L_0x5629d7bef6c0, 1, 1;
L_0x5629d7beb540 .part v0x5629d7beaa20_0, 1, 1;
L_0x5629d7beb680 .part v0x5629d7beaa20_0, 0, 1;
L_0x5629d7beb750 .part v0x5629d7bea4a0_0, 2, 1;
L_0x5629d7beb930 .part L_0x5629d7bef6c0, 1, 1;
L_0x5629d7beba00 .part L_0x5629d7bef6c0, 3, 1;
L_0x5629d7bebc70 .part L_0x5629d7bef6c0, 2, 1;
L_0x5629d7bebd40 .part v0x5629d7beaa20_0, 1, 1;
L_0x5629d7bebfc0 .part v0x5629d7beaa20_0, 0, 1;
L_0x5629d7bec090 .part v0x5629d7bea4a0_0, 3, 1;
L_0x5629d7bebf20 .part L_0x5629d7bef6c0, 2, 1;
L_0x5629d7bec240 .part L_0x5629d7bef6c0, 4, 1;
L_0x5629d7bec3d0 .part L_0x5629d7bef6c0, 3, 1;
L_0x5629d7bec4a0 .part v0x5629d7beaa20_0, 1, 1;
L_0x5629d7bec640 .part v0x5629d7beaa20_0, 0, 1;
L_0x5629d7bec710 .part v0x5629d7bea4a0_0, 4, 1;
L_0x5629d7bec8c0 .part L_0x5629d7bef6c0, 3, 1;
L_0x5629d7bec990 .part L_0x5629d7bef6c0, 5, 1;
L_0x5629d7becb50 .part L_0x5629d7bef6c0, 4, 1;
L_0x5629d7becc20 .part v0x5629d7beaa20_0, 1, 1;
L_0x5629d7becdf0 .part v0x5629d7beaa20_0, 0, 1;
L_0x5629d7becec0 .part v0x5629d7bea4a0_0, 5, 1;
L_0x5629d7bed0a0 .part L_0x5629d7bef6c0, 4, 1;
L_0x5629d7bed380 .part L_0x5629d7bef6c0, 6, 1;
L_0x5629d7bed570 .part L_0x5629d7bef6c0, 5, 1;
L_0x5629d7bed640 .part v0x5629d7beaa20_0, 1, 1;
L_0x5629d7bed450 .part v0x5629d7beaa20_0, 0, 1;
L_0x5629d7bed840 .part v0x5629d7bea4a0_0, 6, 1;
L_0x5629d7beda20 .part L_0x5629d7bef6c0, 5, 1;
L_0x5629d7bedaf0 .part L_0x5629d7bef6c0, 7, 1;
L_0x5629d7bedd10 .part L_0x5629d7bef6c0, 6, 1;
LS_0x5629d7bedde0_0_0 .concat8 [ 1 1 1 1], v0x5629d7be55f0_0, v0x5629d7be5ef0_0, v0x5629d7be68c0_0, v0x5629d7be7290_0;
LS_0x5629d7bedde0_0_4 .concat8 [ 1 1 1 1], v0x5629d7be7c60_0, v0x5629d7be8630_0, v0x5629d7be9000_0, v0x5629d7be99d0_0;
L_0x5629d7bedde0 .concat8 [ 4 4 0 0], LS_0x5629d7bedde0_0_0, LS_0x5629d7bedde0_0_4;
L_0x5629d7bee190 .part v0x5629d7beaa20_0, 1, 1;
L_0x5629d7bee470 .part v0x5629d7beaa20_0, 0, 1;
L_0x5629d7bee6b0 .part v0x5629d7bea4a0_0, 7, 1;
L_0x5629d7bee780 .part L_0x5629d7bef6c0, 6, 1;
L_0x5629d7bee9d0 .part L_0x5629d7bef6c0, 7, 1;
L_0x5629d7beeaa0 .part L_0x5629d7bedde0, 0, 1;
L_0x5629d7beed00 .part L_0x5629d7bedde0, 1, 1;
L_0x5629d7beeda0 .part L_0x5629d7bedde0, 2, 1;
L_0x5629d7bef010 .part L_0x5629d7bedde0, 3, 1;
L_0x5629d7bef0e0 .part L_0x5629d7bedde0, 4, 1;
L_0x5629d7bef360 .part L_0x5629d7bedde0, 5, 1;
L_0x5629d7bef430 .part L_0x5629d7bedde0, 6, 1;
LS_0x5629d7bef6c0_0_0 .concat8 [ 1 1 1 1], v0x5629d7bc3ec0_0, v0x5629d7b94740_0, v0x5629d7be3090_0, v0x5629d7be3660_0;
LS_0x5629d7bef6c0_0_4 .concat8 [ 1 1 1 1], v0x5629d7be3c90_0, v0x5629d7be41f0_0, v0x5629d7be4780_0, v0x5629d7be4d60_0;
L_0x5629d7bef6c0 .concat8 [ 4 4 0 0], LS_0x5629d7bef6c0_0_0, LS_0x5629d7bef6c0_0_4;
L_0x5629d7bef8e0 .part L_0x5629d7bedde0, 7, 1;
S_0x5629d7bbc770 .scope module, "d1" "dflipflop" 3 23, 4 1 0, S_0x5629d7bbcb50;
 .timescale 0 0;
    .port_info 0 /OUTPUT 1 "q"
    .port_info 1 /INPUT 1 "d"
    .port_info 2 /INPUT 1 "clk"
    .port_info 3 /INPUT 1 "reset"
v0x5629d7bc1070_0 .net "clk", 0 0, v0x5629d7bea680_0;  alias, 1 drivers
v0x5629d7bc4ca0_0 .net "d", 0 0, L_0x5629d7beeaa0;  1 drivers
v0x5629d7bc3ec0_0 .var "q", 0 0;
v0x5629d7bc30e0_0 .net "reset", 0 0, v0x5629d7bea840_0;  alias, 1 drivers
E_0x5629d7b9c1d0 .event posedge, v0x5629d7bc1070_0;
S_0x5629d7be28b0 .scope module, "d2" "dflipflop" 3 24, 4 1 0, S_0x5629d7bbcb50;
 .timescale 0 0;
    .port_info 0 /OUTPUT 1 "q"
    .port_info 1 /INPUT 1 "d"
    .port_info 2 /INPUT 1 "clk"
    .port_info 3 /INPUT 1 "reset"
v0x5629d7bc2300_0 .net "clk", 0 0, v0x5629d7bea680_0;  alias, 1 drivers
v0x5629d7bc1520_0 .net "d", 0 0, L_0x5629d7beed00;  1 drivers
v0x5629d7b94740_0 .var "q", 0 0;
v0x5629d7be2b10_0 .net "reset", 0 0, v0x5629d7bea840_0;  alias, 1 drivers
S_0x5629d7be2c70 .scope module, "d3" "dflipflop" 3 25, 4 1 0, S_0x5629d7bbcb50;
 .timescale 0 0;
    .port_info 0 /OUTPUT 1 "q"
    .port_info 1 /INPUT 1 "d"
    .port_info 2 /INPUT 1 "clk"
    .port_info 3 /INPUT 1 "reset"
v0x5629d7be2ee0_0 .net "clk", 0 0, v0x5629d7bea680_0;  alias, 1 drivers
v0x5629d7be2fd0_0 .net "d", 0 0, L_0x5629d7beeda0;  1 drivers
v0x5629d7be3090_0 .var "q", 0 0;
v0x5629d7be3130_0 .net "reset", 0 0, v0x5629d7bea840_0;  alias, 1 drivers
S_0x5629d7be32a0 .scope module, "d4" "dflipflop" 3 26, 4 1 0, S_0x5629d7bbcb50;
 .timescale 0 0;
    .port_info 0 /OUTPUT 1 "q"
    .port_info 1 /INPUT 1 "d"
    .port_info 2 /INPUT 1 "clk"
    .port_info 3 /INPUT 1 "reset"
v0x5629d7be34e0_0 .net "clk", 0 0, v0x5629d7bea680_0;  alias, 1 drivers
v0x5629d7be35a0_0 .net "d", 0 0, L_0x5629d7bef010;  1 drivers
v0x5629d7be3660_0 .var "q", 0 0;
v0x5629d7be3730_0 .net "reset", 0 0, v0x5629d7bea840_0;  alias, 1 drivers
S_0x5629d7be3880 .scope module, "d5" "dflipflop" 3 27, 4 1 0, S_0x5629d7bbcb50;
 .timescale 0 0;
    .port_info 0 /OUTPUT 1 "q"
    .port_info 1 /INPUT 1 "d"
    .port_info 2 /INPUT 1 "clk"
    .port_info 3 /INPUT 1 "reset"
v0x5629d7be3b10_0 .net "clk", 0 0, v0x5629d7bea680_0;  alias, 1 drivers
v0x5629d7be3bd0_0 .net "d", 0 0, L_0x5629d7bef0e0;  1 drivers
v0x5629d7be3c90_0 .var "q", 0 0;
v0x5629d7be3d30_0 .net "reset", 0 0, v0x5629d7bea840_0;  alias, 1 drivers
S_0x5629d7be3e80 .scope module, "d6" "dflipflop" 3 28, 4 1 0, S_0x5629d7bbcb50;
 .timescale 0 0;
    .port_info 0 /OUTPUT 1 "q"
    .port_info 1 /INPUT 1 "d"
    .port_info 2 /INPUT 1 "clk"
    .port_info 3 /INPUT 1 "reset"
v0x5629d7be4070_0 .net "clk", 0 0, v0x5629d7bea680_0;  alias, 1 drivers
v0x5629d7be4130_0 .net "d", 0 0, L_0x5629d7bef360;  1 drivers
v0x5629d7be41f0_0 .var "q", 0 0;
v0x5629d7be42c0_0 .net "reset", 0 0, v0x5629d7bea840_0;  alias, 1 drivers
S_0x5629d7be4410 .scope module, "d7" "dflipflop" 3 29, 4 1 0, S_0x5629d7bbcb50;
 .timescale 0 0;
    .port_info 0 /OUTPUT 1 "q"
    .port_info 1 /INPUT 1 "d"
    .port_info 2 /INPUT 1 "clk"
    .port_info 3 /INPUT 1 "reset"
v0x5629d7be4600_0 .net "clk", 0 0, v0x5629d7bea680_0;  alias, 1 drivers
v0x5629d7be46c0_0 .net "d", 0 0, L_0x5629d7bef430;  1 drivers
v0x5629d7be4780_0 .var "q", 0 0;
v0x5629d7be4850_0 .net "reset", 0 0, v0x5629d7bea840_0;  alias, 1 drivers
S_0x5629d7be49a0 .scope module, "d8" "dflipflop" 3 30, 4 1 0, S_0x5629d7bbcb50;
 .timescale 0 0;
    .port_info 0 /OUTPUT 1 "q"
    .port_info 1 /INPUT 1 "d"
    .port_info 2 /INPUT 1 "clk"
    .port_info 3 /INPUT 1 "reset"
v0x5629d7be4be0_0 .net "clk", 0 0, v0x5629d7bea680_0;  alias, 1 drivers
v0x5629d7be4ca0_0 .net "d", 0 0, L_0x5629d7bef8e0;  1 drivers
v0x5629d7be4d60_0 .var "q", 0 0;
v0x5629d7be4e30_0 .net "reset", 0 0, v0x5629d7bea840_0;  alias, 1 drivers
S_0x5629d7be4f80 .scope module, "m1" "mux4x1" 3 14, 5 1 0, S_0x5629d7bbcb50;
 .timescale 0 0;
    .port_info 0 /OUTPUT 1 "out"
    .port_info 1 /INPUT 1 "s1"
    .port_info 2 /INPUT 1 "s0"
    .port_info 3 /INPUT 1 "i3"
    .port_info 4 /INPUT 1 "i2"
    .port_info 5 /INPUT 1 "i1"
    .port_info 6 /INPUT 1 "i0"
v0x5629d7be52f0_0 .net "i0", 0 0, L_0x5629d7beaf00;  1 drivers
v0x5629d7be53d0_0 .net "i1", 0 0, L_0x5629d7beade0;  1 drivers
v0x5629d7be5490_0 .net "i2", 0 0, v0x5629d7bea750_0;  alias, 1 drivers
v0x5629d7be5530_0 .net "i3", 0 0, L_0x5629d7beacf0;  1 drivers
v0x5629d7be55f0_0 .var "out", 0 0;
v0x5629d7be56b0_0 .net "s0", 0 0, L_0x5629d7beac50;  1 drivers
v0x5629d7be5770_0 .net "s1", 0 0, L_0x5629d7beab60;  1 drivers
E_0x5629d7b9bca0/0 .event edge, v0x5629d7be52f0_0, v0x5629d7be53d0_0, v0x5629d7be5490_0, v0x5629d7be5530_0;
E_0x5629d7b9bca0/1 .event edge, v0x5629d7be56b0_0, v0x5629d7be5770_0;
E_0x5629d7b9bca0 .event/or E_0x5629d7b9bca0/0, E_0x5629d7b9bca0/1;
S_0x5629d7be5910 .scope module, "m2" "mux4x1" 3 15, 5 1 0, S_0x5629d7bbcb50;
 .timescale 0 0;
    .port_info 0 /OUTPUT 1 "out"
    .port_info 1 /INPUT 1 "s1"
    .port_info 2 /INPUT 1 "s0"
    .port_info 3 /INPUT 1 "i3"
    .port_info 4 /INPUT 1 "i2"
    .port_info 5 /INPUT 1 "i1"
    .port_info 6 /INPUT 1 "i0"
v0x5629d7be5bf0_0 .net "i0", 0 0, L_0x5629d7beb470;  1 drivers
v0x5629d7be5cd0_0 .net "i1", 0 0, L_0x5629d7beb340;  1 drivers
v0x5629d7be5d90_0 .net "i2", 0 0, L_0x5629d7beb270;  1 drivers
v0x5629d7be5e30_0 .net "i3", 0 0, L_0x5629d7beb150;  1 drivers
v0x5629d7be5ef0_0 .var "out", 0 0;
v0x5629d7be6000_0 .net "s0", 0 0, L_0x5629d7beb0b0;  1 drivers
v0x5629d7be60c0_0 .net "s1", 0 0, L_0x5629d7beafa0;  1 drivers
E_0x5629d7bc99f0/0 .event edge, v0x5629d7be5bf0_0, v0x5629d7be5cd0_0, v0x5629d7be5d90_0, v0x5629d7be5e30_0;
E_0x5629d7bc99f0/1 .event edge, v0x5629d7be6000_0, v0x5629d7be60c0_0;
E_0x5629d7bc99f0 .event/or E_0x5629d7bc99f0/0, E_0x5629d7bc99f0/1;
S_0x5629d7be62a0 .scope module, "m3" "mux4x1" 3 16, 5 1 0, S_0x5629d7bbcb50;
 .timescale 0 0;
    .port_info 0 /OUTPUT 1 "out"
    .port_info 1 /INPUT 1 "s1"
    .port_info 2 /INPUT 1 "s0"
    .port_info 3 /INPUT 1 "i3"
    .port_info 4 /INPUT 1 "i2"
    .port_info 5 /INPUT 1 "i1"
    .port_info 6 /INPUT 1 "i0"
v0x5629d7be65c0_0 .net "i0", 0 0, L_0x5629d7bebc70;  1 drivers
v0x5629d7be66a0_0 .net "i1", 0 0, L_0x5629d7beba00;  1 drivers
v0x5629d7be6760_0 .net "i2", 0 0, L_0x5629d7beb930;  1 drivers
v0x5629d7be6800_0 .net "i3", 0 0, L_0x5629d7beb750;  1 drivers
v0x5629d7be68c0_0 .var "out", 0 0;
v0x5629d7be69d0_0 .net "s0", 0 0, L_0x5629d7beb680;  1 drivers
v0x5629d7be6a90_0 .net "s1", 0 0, L_0x5629d7beb540;  1 drivers
E_0x5629d7be6520/0 .event edge, v0x5629d7be65c0_0, v0x5629d7be66a0_0, v0x5629d7be6760_0, v0x5629d7be6800_0;
E_0x5629d7be6520/1 .event edge, v0x5629d7be69d0_0, v0x5629d7be6a90_0;
E_0x5629d7be6520 .event/or E_0x5629d7be6520/0, E_0x5629d7be6520/1;
S_0x5629d7be6c70 .scope module, "m4" "mux4x1" 3 17, 5 1 0, S_0x5629d7bbcb50;
 .timescale 0 0;
    .port_info 0 /OUTPUT 1 "out"
    .port_info 1 /INPUT 1 "s1"
    .port_info 2 /INPUT 1 "s0"
    .port_info 3 /INPUT 1 "i3"
    .port_info 4 /INPUT 1 "i2"
    .port_info 5 /INPUT 1 "i1"
    .port_info 6 /INPUT 1 "i0"
v0x5629d7be6f90_0 .net "i0", 0 0, L_0x5629d7bec3d0;  1 drivers
v0x5629d7be7070_0 .net "i1", 0 0, L_0x5629d7bec240;  1 drivers
v0x5629d7be7130_0 .net "i2", 0 0, L_0x5629d7bebf20;  1 drivers
v0x5629d7be71d0_0 .net "i3", 0 0, L_0x5629d7bec090;  1 drivers
v0x5629d7be7290_0 .var "out", 0 0;
v0x5629d7be73a0_0 .net "s0", 0 0, L_0x5629d7bebfc0;  1 drivers
v0x5629d7be7460_0 .net "s1", 0 0, L_0x5629d7bebd40;  1 drivers
E_0x5629d7be6ef0/0 .event edge, v0x5629d7be6f90_0, v0x5629d7be7070_0, v0x5629d7be7130_0, v0x5629d7be71d0_0;
E_0x5629d7be6ef0/1 .event edge, v0x5629d7be73a0_0, v0x5629d7be7460_0;
E_0x5629d7be6ef0 .event/or E_0x5629d7be6ef0/0, E_0x5629d7be6ef0/1;
S_0x5629d7be7640 .scope module, "m5" "mux4x1" 3 18, 5 1 0, S_0x5629d7bbcb50;
 .timescale 0 0;
    .port_info 0 /OUTPUT 1 "out"
    .port_info 1 /INPUT 1 "s1"
    .port_info 2 /INPUT 1 "s0"
    .port_info 3 /INPUT 1 "i3"
    .port_info 4 /INPUT 1 "i2"
    .port_info 5 /INPUT 1 "i1"
    .port_info 6 /INPUT 1 "i0"
v0x5629d7be7960_0 .net "i0", 0 0, L_0x5629d7becb50;  1 drivers
v0x5629d7be7a40_0 .net "i1", 0 0, L_0x5629d7bec990;  1 drivers
v0x5629d7be7b00_0 .net "i2", 0 0, L_0x5629d7bec8c0;  1 drivers
v0x5629d7be7ba0_0 .net "i3", 0 0, L_0x5629d7bec710;  1 drivers
v0x5629d7be7c60_0 .var "out", 0 0;
v0x5629d7be7d70_0 .net "s0", 0 0, L_0x5629d7bec640;  1 drivers
v0x5629d7be7e30_0 .net "s1", 0 0, L_0x5629d7bec4a0;  1 drivers
E_0x5629d7be78c0/0 .event edge, v0x5629d7be7960_0, v0x5629d7be7a40_0, v0x5629d7be7b00_0, v0x5629d7be7ba0_0;
E_0x5629d7be78c0/1 .event edge, v0x5629d7be7d70_0, v0x5629d7be7e30_0;
E_0x5629d7be78c0 .event/or E_0x5629d7be78c0/0, E_0x5629d7be78c0/1;
S_0x5629d7be8010 .scope module, "m6" "mux4x1" 3 19, 5 1 0, S_0x5629d7bbcb50;
 .timescale 0 0;
    .port_info 0 /OUTPUT 1 "out"
    .port_info 1 /INPUT 1 "s1"
    .port_info 2 /INPUT 1 "s0"
    .port_info 3 /INPUT 1 "i3"
    .port_info 4 /INPUT 1 "i2"
    .port_info 5 /INPUT 1 "i1"
    .port_info 6 /INPUT 1 "i0"
v0x5629d7be8330_0 .net "i0", 0 0, L_0x5629d7bed570;  1 drivers
v0x5629d7be8410_0 .net "i1", 0 0, L_0x5629d7bed380;  1 drivers
v0x5629d7be84d0_0 .net "i2", 0 0, L_0x5629d7bed0a0;  1 drivers
v0x5629d7be8570_0 .net "i3", 0 0, L_0x5629d7becec0;  1 drivers
v0x5629d7be8630_0 .var "out", 0 0;
v0x5629d7be8740_0 .net "s0", 0 0, L_0x5629d7becdf0;  1 drivers
v0x5629d7be8800_0 .net "s1", 0 0, L_0x5629d7becc20;  1 drivers
E_0x5629d7be8290/0 .event edge, v0x5629d7be8330_0, v0x5629d7be8410_0, v0x5629d7be84d0_0, v0x5629d7be8570_0;
E_0x5629d7be8290/1 .event edge, v0x5629d7be8740_0, v0x5629d7be8800_0;
E_0x5629d7be8290 .event/or E_0x5629d7be8290/0, E_0x5629d7be8290/1;
S_0x5629d7be89e0 .scope module, "m7" "mux4x1" 3 20, 5 1 0, S_0x5629d7bbcb50;
 .timescale 0 0;
    .port_info 0 /OUTPUT 1 "out"
    .port_info 1 /INPUT 1 "s1"
    .port_info 2 /INPUT 1 "s0"
    .port_info 3 /INPUT 1 "i3"
    .port_info 4 /INPUT 1 "i2"
    .port_info 5 /INPUT 1 "i1"
    .port_info 6 /INPUT 1 "i0"
v0x5629d7be8d00_0 .net "i0", 0 0, L_0x5629d7bedd10;  1 drivers
v0x5629d7be8de0_0 .net "i1", 0 0, L_0x5629d7bedaf0;  1 drivers
v0x5629d7be8ea0_0 .net "i2", 0 0, L_0x5629d7beda20;  1 drivers
v0x5629d7be8f40_0 .net "i3", 0 0, L_0x5629d7bed840;  1 drivers
v0x5629d7be9000_0 .var "out", 0 0;
v0x5629d7be9110_0 .net "s0", 0 0, L_0x5629d7bed450;  1 drivers
v0x5629d7be91d0_0 .net "s1", 0 0, L_0x5629d7bed640;  1 drivers
E_0x5629d7be8c60/0 .event edge, v0x5629d7be8d00_0, v0x5629d7be8de0_0, v0x5629d7be8ea0_0, v0x5629d7be8f40_0;
E_0x5629d7be8c60/1 .event edge, v0x5629d7be9110_0, v0x5629d7be91d0_0;
E_0x5629d7be8c60 .event/or E_0x5629d7be8c60/0, E_0x5629d7be8c60/1;
S_0x5629d7be93b0 .scope module, "m8" "mux4x1" 3 21, 5 1 0, S_0x5629d7bbcb50;
 .timescale 0 0;
    .port_info 0 /OUTPUT 1 "out"
    .port_info 1 /INPUT 1 "s1"
    .port_info 2 /INPUT 1 "s0"
    .port_info 3 /INPUT 1 "i3"
    .port_info 4 /INPUT 1 "i2"
    .port_info 5 /INPUT 1 "i1"
    .port_info 6 /INPUT 1 "i0"
v0x5629d7be96d0_0 .net "i0", 0 0, L_0x5629d7bee9d0;  1 drivers
v0x5629d7be97b0_0 .net "i1", 0 0, v0x5629d7bea930_0;  alias, 1 drivers
v0x5629d7be9870_0 .net "i2", 0 0, L_0x5629d7bee780;  1 drivers
v0x5629d7be9910_0 .net "i3", 0 0, L_0x5629d7bee6b0;  1 drivers
v0x5629d7be99d0_0 .var "out", 0 0;
v0x5629d7be9ae0_0 .net "s0", 0 0, L_0x5629d7bee470;  1 drivers
v0x5629d7be9ba0_0 .net "s1", 0 0, L_0x5629d7bee190;  1 drivers
E_0x5629d7be9630/0 .event edge, v0x5629d7be96d0_0, v0x5629d7be97b0_0, v0x5629d7be9870_0, v0x5629d7be9910_0;
E_0x5629d7be9630/1 .event edge, v0x5629d7be9ae0_0, v0x5629d7be9ba0_0;
E_0x5629d7be9630 .event/or E_0x5629d7be9630/0, E_0x5629d7be9630/1;
    .scope S_0x5629d7be4f80;
T_0 ;
    %wait E_0x5629d7b9bca0;
    %load/vec4 v0x5629d7be5770_0;
    %pad/u 32;
    %pushi/vec4 0, 0, 32;
    %cmp/e;
    %flag_get/vec4 4;
    %load/vec4 v0x5629d7be56b0_0;
    %pad/u 32;
    %pushi/vec4 0, 0, 32;
    %cmp/e;
    %flag_get/vec4 4;
    %and;
    %flag_set/vec4 8;
    %jmp/0xz  T_0.0, 8;
    %load/vec4 v0x5629d7be52f0_0;
    %store/vec4 v0x5629d7be55f0_0, 0, 1;
    %jmp T_0.1;
T_0.0 ;
    %load/vec4 v0x5629d7be5770_0;
    %pad/u 32;
    %pushi/vec4 0, 0, 32;
    %cmp/e;
    %flag_get/vec4 4;
    %load/vec4 v0x5629d7be56b0_0;
    %pad/u 32;
    %pushi/vec4 1, 0, 32;
    %cmp/e;
    %flag_get/vec4 4;
    %and;
    %flag_set/vec4 8;
    %jmp/0xz  T_0.2, 8;
    %load/vec4 v0x5629d7be53d0_0;
    %store/vec4 v0x5629d7be55f0_0, 0, 1;
    %jmp T_0.3;
T_0.2 ;
    %load/vec4 v0x5629d7be5770_0;
    %pad/u 32;
    %pushi/vec4 1, 0, 32;
    %cmp/e;
    %flag_get/vec4 4;
    %load/vec4 v0x5629d7be56b0_0;
    %pad/u 32;
    %pushi/vec4 0, 0, 32;
    %cmp/e;
    %flag_get/vec4 4;
    %and;
    %flag_set/vec4 8;
    %jmp/0xz  T_0.4, 8;
    %load/vec4 v0x5629d7be5490_0;
    %store/vec4 v0x5629d7be55f0_0, 0, 1;
    %jmp T_0.5;
T_0.4 ;
    %load/vec4 v0x5629d7be5770_0;
    %pad/u 32;
    %pushi/vec4 1, 0, 32;
    %cmp/e;
    %flag_get/vec4 4;
    %load/vec4 v0x5629d7be56b0_0;
    %pad/u 32;
    %pushi/vec4 1, 0, 32;
    %cmp/e;
    %flag_get/vec4 4;
    %and;
    %flag_set/vec4 8;
    %jmp/0xz  T_0.6, 8;
    %load/vec4 v0x5629d7be5530_0;
    %store/vec4 v0x5629d7be55f0_0, 0, 1;
T_0.6 ;
T_0.5 ;
T_0.3 ;
T_0.1 ;
    %jmp T_0;
    .thread T_0, $push;
    .scope S_0x5629d7be5910;
T_1 ;
    %wait E_0x5629d7bc99f0;
    %load/vec4 v0x5629d7be60c0_0;
    %pad/u 32;
    %pushi/vec4 0, 0, 32;
    %cmp/e;
    %flag_get/vec4 4;
    %load/vec4 v0x5629d7be6000_0;
    %pad/u 32;
    %pushi/vec4 0, 0, 32;
    %cmp/e;
    %flag_get/vec4 4;
    %and;
    %flag_set/vec4 8;
    %jmp/0xz  T_1.0, 8;
    %load/vec4 v0x5629d7be5bf0_0;
    %store/vec4 v0x5629d7be5ef0_0, 0, 1;
    %jmp T_1.1;
T_1.0 ;
    %load/vec4 v0x5629d7be60c0_0;
    %pad/u 32;
    %pushi/vec4 0, 0, 32;
    %cmp/e;
    %flag_get/vec4 4;
    %load/vec4 v0x5629d7be6000_0;
    %pad/u 32;
    %pushi/vec4 1, 0, 32;
    %cmp/e;
    %flag_get/vec4 4;
    %and;
    %flag_set/vec4 8;
    %jmp/0xz  T_1.2, 8;
    %load/vec4 v0x5629d7be5cd0_0;
    %store/vec4 v0x5629d7be5ef0_0, 0, 1;
    %jmp T_1.3;
T_1.2 ;
    %load/vec4 v0x5629d7be60c0_0;
    %pad/u 32;
    %pushi/vec4 1, 0, 32;
    %cmp/e;
    %flag_get/vec4 4;
    %load/vec4 v0x5629d7be6000_0;
    %pad/u 32;
    %pushi/vec4 0, 0, 32;
    %cmp/e;
    %flag_get/vec4 4;
    %and;
    %flag_set/vec4 8;
    %jmp/0xz  T_1.4, 8;
    %load/vec4 v0x5629d7be5d90_0;
    %store/vec4 v0x5629d7be5ef0_0, 0, 1;
    %jmp T_1.5;
T_1.4 ;
    %load/vec4 v0x5629d7be60c0_0;
    %pad/u 32;
    %pushi/vec4 1, 0, 32;
    %cmp/e;
    %flag_get/vec4 4;
    %load/vec4 v0x5629d7be6000_0;
    %pad/u 32;
    %pushi/vec4 1, 0, 32;
    %cmp/e;
    %flag_get/vec4 4;
    %and;
    %flag_set/vec4 8;
    %jmp/0xz  T_1.6, 8;
    %load/vec4 v0x5629d7be5e30_0;
    %store/vec4 v0x5629d7be5ef0_0, 0, 1;
T_1.6 ;
T_1.5 ;
T_1.3 ;
T_1.1 ;
    %jmp T_1;
    .thread T_1, $push;
    .scope S_0x5629d7be62a0;
T_2 ;
    %wait E_0x5629d7be6520;
    %load/vec4 v0x5629d7be6a90_0;
    %pad/u 32;
    %pushi/vec4 0, 0, 32;
    %cmp/e;
    %flag_get/vec4 4;
    %load/vec4 v0x5629d7be69d0_0;
    %pad/u 32;
    %pushi/vec4 0, 0, 32;
    %cmp/e;
    %flag_get/vec4 4;
    %and;
    %flag_set/vec4 8;
    %jmp/0xz  T_2.0, 8;
    %load/vec4 v0x5629d7be65c0_0;
    %store/vec4 v0x5629d7be68c0_0, 0, 1;
    %jmp T_2.1;
T_2.0 ;
    %load/vec4 v0x5629d7be6a90_0;
    %pad/u 32;
    %pushi/vec4 0, 0, 32;
    %cmp/e;
    %flag_get/vec4 4;
    %load/vec4 v0x5629d7be69d0_0;
    %pad/u 32;
    %pushi/vec4 1, 0, 32;
    %cmp/e;
    %flag_get/vec4 4;
    %and;
    %flag_set/vec4 8;
    %jmp/0xz  T_2.2, 8;
    %load/vec4 v0x5629d7be66a0_0;
    %store/vec4 v0x5629d7be68c0_0, 0, 1;
    %jmp T_2.3;
T_2.2 ;
    %load/vec4 v0x5629d7be6a90_0;
    %pad/u 32;
    %pushi/vec4 1, 0, 32;
    %cmp/e;
    %flag_get/vec4 4;
    %load/vec4 v0x5629d7be69d0_0;
    %pad/u 32;
    %pushi/vec4 0, 0, 32;
    %cmp/e;
    %flag_get/vec4 4;
    %and;
    %flag_set/vec4 8;
    %jmp/0xz  T_2.4, 8;
    %load/vec4 v0x5629d7be6760_0;
    %store/vec4 v0x5629d7be68c0_0, 0, 1;
    %jmp T_2.5;
T_2.4 ;
    %load/vec4 v0x5629d7be6a90_0;
    %pad/u 32;
    %pushi/vec4 1, 0, 32;
    %cmp/e;
    %flag_get/vec4 4;
    %load/vec4 v0x5629d7be69d0_0;
    %pad/u 32;
    %pushi/vec4 1, 0, 32;
    %cmp/e;
    %flag_get/vec4 4;
    %and;
    %flag_set/vec4 8;
    %jmp/0xz  T_2.6, 8;
    %load/vec4 v0x5629d7be6800_0;
    %store/vec4 v0x5629d7be68c0_0, 0, 1;
T_2.6 ;
T_2.5 ;
T_2.3 ;
T_2.1 ;
    %jmp T_2;
    .thread T_2, $push;
    .scope S_0x5629d7be6c70;
T_3 ;
    %wait E_0x5629d7be6ef0;
    %load/vec4 v0x5629d7be7460_0;
    %pad/u 32;
    %pushi/vec4 0, 0, 32;
    %cmp/e;
    %flag_get/vec4 4;
    %load/vec4 v0x5629d7be73a0_0;
    %pad/u 32;
    %pushi/vec4 0, 0, 32;
    %cmp/e;
    %flag_get/vec4 4;
    %and;
    %flag_set/vec4 8;
    %jmp/0xz  T_3.0, 8;
    %load/vec4 v0x5629d7be6f90_0;
    %store/vec4 v0x5629d7be7290_0, 0, 1;
    %jmp T_3.1;
T_3.0 ;
    %load/vec4 v0x5629d7be7460_0;
    %pad/u 32;
    %pushi/vec4 0, 0, 32;
    %cmp/e;
    %flag_get/vec4 4;
    %load/vec4 v0x5629d7be73a0_0;
    %pad/u 32;
    %pushi/vec4 1, 0, 32;
    %cmp/e;
    %flag_get/vec4 4;
    %and;
    %flag_set/vec4 8;
    %jmp/0xz  T_3.2, 8;
    %load/vec4 v0x5629d7be7070_0;
    %store/vec4 v0x5629d7be7290_0, 0, 1;
    %jmp T_3.3;
T_3.2 ;
    %load/vec4 v0x5629d7be7460_0;
    %pad/u 32;
    %pushi/vec4 1, 0, 32;
    %cmp/e;
    %flag_get/vec4 4;
    %load/vec4 v0x5629d7be73a0_0;
    %pad/u 32;
    %pushi/vec4 0, 0, 32;
    %cmp/e;
    %flag_get/vec4 4;
    %and;
    %flag_set/vec4 8;
    %jmp/0xz  T_3.4, 8;
    %load/vec4 v0x5629d7be7130_0;
    %store/vec4 v0x5629d7be7290_0, 0, 1;
    %jmp T_3.5;
T_3.4 ;
    %load/vec4 v0x5629d7be7460_0;
    %pad/u 32;
    %pushi/vec4 1, 0, 32;
    %cmp/e;
    %flag_get/vec4 4;
    %load/vec4 v0x5629d7be73a0_0;
    %pad/u 32;
    %pushi/vec4 1, 0, 32;
    %cmp/e;
    %flag_get/vec4 4;
    %and;
    %flag_set/vec4 8;
    %jmp/0xz  T_3.6, 8;
    %load/vec4 v0x5629d7be71d0_0;
    %store/vec4 v0x5629d7be7290_0, 0, 1;
T_3.6 ;
T_3.5 ;
T_3.3 ;
T_3.1 ;
    %jmp T_3;
    .thread T_3, $push;
    .scope S_0x5629d7be7640;
T_4 ;
    %wait E_0x5629d7be78c0;
    %load/vec4 v0x5629d7be7e30_0;
    %pad/u 32;
    %pushi/vec4 0, 0, 32;
    %cmp/e;
    %flag_get/vec4 4;
    %load/vec4 v0x5629d7be7d70_0;
    %pad/u 32;
    %pushi/vec4 0, 0, 32;
    %cmp/e;
    %flag_get/vec4 4;
    %and;
    %flag_set/vec4 8;
    %jmp/0xz  T_4.0, 8;
    %load/vec4 v0x5629d7be7960_0;
    %store/vec4 v0x5629d7be7c60_0, 0, 1;
    %jmp T_4.1;
T_4.0 ;
    %load/vec4 v0x5629d7be7e30_0;
    %pad/u 32;
    %pushi/vec4 0, 0, 32;
    %cmp/e;
    %flag_get/vec4 4;
    %load/vec4 v0x5629d7be7d70_0;
    %pad/u 32;
    %pushi/vec4 1, 0, 32;
    %cmp/e;
    %flag_get/vec4 4;
    %and;
    %flag_set/vec4 8;
    %jmp/0xz  T_4.2, 8;
    %load/vec4 v0x5629d7be7a40_0;
    %store/vec4 v0x5629d7be7c60_0, 0, 1;
    %jmp T_4.3;
T_4.2 ;
    %load/vec4 v0x5629d7be7e30_0;
    %pad/u 32;
    %pushi/vec4 1, 0, 32;
    %cmp/e;
    %flag_get/vec4 4;
    %load/vec4 v0x5629d7be7d70_0;
    %pad/u 32;
    %pushi/vec4 0, 0, 32;
    %cmp/e;
    %flag_get/vec4 4;
    %and;
    %flag_set/vec4 8;
    %jmp/0xz  T_4.4, 8;
    %load/vec4 v0x5629d7be7b00_0;
    %store/vec4 v0x5629d7be7c60_0, 0, 1;
    %jmp T_4.5;
T_4.4 ;
    %load/vec4 v0x5629d7be7e30_0;
    %pad/u 32;
    %pushi/vec4 1, 0, 32;
    %cmp/e;
    %flag_get/vec4 4;
    %load/vec4 v0x5629d7be7d70_0;
    %pad/u 32;
    %pushi/vec4 1, 0, 32;
    %cmp/e;
    %flag_get/vec4 4;
    %and;
    %flag_set/vec4 8;
    %jmp/0xz  T_4.6, 8;
    %load/vec4 v0x5629d7be7ba0_0;
    %store/vec4 v0x5629d7be7c60_0, 0, 1;
T_4.6 ;
T_4.5 ;
T_4.3 ;
T_4.1 ;
    %jmp T_4;
    .thread T_4, $push;
    .scope S_0x5629d7be8010;
T_5 ;
    %wait E_0x5629d7be8290;
    %load/vec4 v0x5629d7be8800_0;
    %pad/u 32;
    %pushi/vec4 0, 0, 32;
    %cmp/e;
    %flag_get/vec4 4;
    %load/vec4 v0x5629d7be8740_0;
    %pad/u 32;
    %pushi/vec4 0, 0, 32;
    %cmp/e;
    %flag_get/vec4 4;
    %and;
    %flag_set/vec4 8;
    %jmp/0xz  T_5.0, 8;
    %load/vec4 v0x5629d7be8330_0;
    %store/vec4 v0x5629d7be8630_0, 0, 1;
    %jmp T_5.1;
T_5.0 ;
    %load/vec4 v0x5629d7be8800_0;
    %pad/u 32;
    %pushi/vec4 0, 0, 32;
    %cmp/e;
    %flag_get/vec4 4;
    %load/vec4 v0x5629d7be8740_0;
    %pad/u 32;
    %pushi/vec4 1, 0, 32;
    %cmp/e;
    %flag_get/vec4 4;
    %and;
    %flag_set/vec4 8;
    %jmp/0xz  T_5.2, 8;
    %load/vec4 v0x5629d7be8410_0;
    %store/vec4 v0x5629d7be8630_0, 0, 1;
    %jmp T_5.3;
T_5.2 ;
    %load/vec4 v0x5629d7be8800_0;
    %pad/u 32;
    %pushi/vec4 1, 0, 32;
    %cmp/e;
    %flag_get/vec4 4;
    %load/vec4 v0x5629d7be8740_0;
    %pad/u 32;
    %pushi/vec4 0, 0, 32;
    %cmp/e;
    %flag_get/vec4 4;
    %and;
    %flag_set/vec4 8;
    %jmp/0xz  T_5.4, 8;
    %load/vec4 v0x5629d7be84d0_0;
    %store/vec4 v0x5629d7be8630_0, 0, 1;
    %jmp T_5.5;
T_5.4 ;
    %load/vec4 v0x5629d7be8800_0;
    %pad/u 32;
    %pushi/vec4 1, 0, 32;
    %cmp/e;
    %flag_get/vec4 4;
    %load/vec4 v0x5629d7be8740_0;
    %pad/u 32;
    %pushi/vec4 1, 0, 32;
    %cmp/e;
    %flag_get/vec4 4;
    %and;
    %flag_set/vec4 8;
    %jmp/0xz  T_5.6, 8;
    %load/vec4 v0x5629d7be8570_0;
    %store/vec4 v0x5629d7be8630_0, 0, 1;
T_5.6 ;
T_5.5 ;
T_5.3 ;
T_5.1 ;
    %jmp T_5;
    .thread T_5, $push;
    .scope S_0x5629d7be89e0;
T_6 ;
    %wait E_0x5629d7be8c60;
    %load/vec4 v0x5629d7be91d0_0;
    %pad/u 32;
    %pushi/vec4 0, 0, 32;
    %cmp/e;
    %flag_get/vec4 4;
    %load/vec4 v0x5629d7be9110_0;
    %pad/u 32;
    %pushi/vec4 0, 0, 32;
    %cmp/e;
    %flag_get/vec4 4;
    %and;
    %flag_set/vec4 8;
    %jmp/0xz  T_6.0, 8;
    %load/vec4 v0x5629d7be8d00_0;
    %store/vec4 v0x5629d7be9000_0, 0, 1;
    %jmp T_6.1;
T_6.0 ;
    %load/vec4 v0x5629d7be91d0_0;
    %pad/u 32;
    %pushi/vec4 0, 0, 32;
    %cmp/e;
    %flag_get/vec4 4;
    %load/vec4 v0x5629d7be9110_0;
    %pad/u 32;
    %pushi/vec4 1, 0, 32;
    %cmp/e;
    %flag_get/vec4 4;
    %and;
    %flag_set/vec4 8;
    %jmp/0xz  T_6.2, 8;
    %load/vec4 v0x5629d7be8de0_0;
    %store/vec4 v0x5629d7be9000_0, 0, 1;
    %jmp T_6.3;
T_6.2 ;
    %load/vec4 v0x5629d7be91d0_0;
    %pad/u 32;
    %pushi/vec4 1, 0, 32;
    %cmp/e;
    %flag_get/vec4 4;
    %load/vec4 v0x5629d7be9110_0;
    %pad/u 32;
    %pushi/vec4 0, 0, 32;
    %cmp/e;
    %flag_get/vec4 4;
    %and;
    %flag_set/vec4 8;
    %jmp/0xz  T_6.4, 8;
    %load/vec4 v0x5629d7be8ea0_0;
    %store/vec4 v0x5629d7be9000_0, 0, 1;
    %jmp T_6.5;
T_6.4 ;
    %load/vec4 v0x5629d7be91d0_0;
    %pad/u 32;
    %pushi/vec4 1, 0, 32;
    %cmp/e;
    %flag_get/vec4 4;
    %load/vec4 v0x5629d7be9110_0;
    %pad/u 32;
    %pushi/vec4 1, 0, 32;
    %cmp/e;
    %flag_get/vec4 4;
    %and;
    %flag_set/vec4 8;
    %jmp/0xz  T_6.6, 8;
    %load/vec4 v0x5629d7be8f40_0;
    %store/vec4 v0x5629d7be9000_0, 0, 1;
T_6.6 ;
T_6.5 ;
T_6.3 ;
T_6.1 ;
    %jmp T_6;
    .thread T_6, $push;
    .scope S_0x5629d7be93b0;
T_7 ;
    %wait E_0x5629d7be9630;
    %load/vec4 v0x5629d7be9ba0_0;
    %pad/u 32;
    %pushi/vec4 0, 0, 32;
    %cmp/e;
    %flag_get/vec4 4;
    %load/vec4 v0x5629d7be9ae0_0;
    %pad/u 32;
    %pushi/vec4 0, 0, 32;
    %cmp/e;
    %flag_get/vec4 4;
    %and;
    %flag_set/vec4 8;
    %jmp/0xz  T_7.0, 8;
    %load/vec4 v0x5629d7be96d0_0;
    %store/vec4 v0x5629d7be99d0_0, 0, 1;
    %jmp T_7.1;
T_7.0 ;
    %load/vec4 v0x5629d7be9ba0_0;
    %pad/u 32;
    %pushi/vec4 0, 0, 32;
    %cmp/e;
    %flag_get/vec4 4;
    %load/vec4 v0x5629d7be9ae0_0;
    %pad/u 32;
    %pushi/vec4 1, 0, 32;
    %cmp/e;
    %flag_get/vec4 4;
    %and;
    %flag_set/vec4 8;
    %jmp/0xz  T_7.2, 8;
    %load/vec4 v0x5629d7be97b0_0;
    %store/vec4 v0x5629d7be99d0_0, 0, 1;
    %jmp T_7.3;
T_7.2 ;
    %load/vec4 v0x5629d7be9ba0_0;
    %pad/u 32;
    %pushi/vec4 1, 0, 32;
    %cmp/e;
    %flag_get/vec4 4;
    %load/vec4 v0x5629d7be9ae0_0;
    %pad/u 32;
    %pushi/vec4 0, 0, 32;
    %cmp/e;
    %flag_get/vec4 4;
    %and;
    %flag_set/vec4 8;
    %jmp/0xz  T_7.4, 8;
    %load/vec4 v0x5629d7be9870_0;
    %store/vec4 v0x5629d7be99d0_0, 0, 1;
    %jmp T_7.5;
T_7.4 ;
    %load/vec4 v0x5629d7be9ba0_0;
    %pad/u 32;
    %pushi/vec4 1, 0, 32;
    %cmp/e;
    %flag_get/vec4 4;
    %load/vec4 v0x5629d7be9ae0_0;
    %pad/u 32;
    %pushi/vec4 1, 0, 32;
    %cmp/e;
    %flag_get/vec4 4;
    %and;
    %flag_set/vec4 8;
    %jmp/0xz  T_7.6, 8;
    %load/vec4 v0x5629d7be9910_0;
    %store/vec4 v0x5629d7be99d0_0, 0, 1;
T_7.6 ;
T_7.5 ;
T_7.3 ;
T_7.1 ;
    %jmp T_7;
    .thread T_7, $push;
    .scope S_0x5629d7bbc770;
T_8 ;
    %wait E_0x5629d7b9c1d0;
    %load/vec4 v0x5629d7bc30e0_0;
    %cmpi/e 1, 0, 1;
    %jmp/0xz  T_8.0, 4;
    %pushi/vec4 0, 0, 1;
    %assign/vec4 v0x5629d7bc3ec0_0, 0;
    %jmp T_8.1;
T_8.0 ;
    %load/vec4 v0x5629d7bc4ca0_0;
    %assign/vec4 v0x5629d7bc3ec0_0, 0;
T_8.1 ;
    %jmp T_8;
    .thread T_8;
    .scope S_0x5629d7be28b0;
T_9 ;
    %wait E_0x5629d7b9c1d0;
    %load/vec4 v0x5629d7be2b10_0;
    %cmpi/e 1, 0, 1;
    %jmp/0xz  T_9.0, 4;
    %pushi/vec4 0, 0, 1;
    %assign/vec4 v0x5629d7b94740_0, 0;
    %jmp T_9.1;
T_9.0 ;
    %load/vec4 v0x5629d7bc1520_0;
    %assign/vec4 v0x5629d7b94740_0, 0;
T_9.1 ;
    %jmp T_9;
    .thread T_9;
    .scope S_0x5629d7be2c70;
T_10 ;
    %wait E_0x5629d7b9c1d0;
    %load/vec4 v0x5629d7be3130_0;
    %cmpi/e 1, 0, 1;
    %jmp/0xz  T_10.0, 4;
    %pushi/vec4 0, 0, 1;
    %assign/vec4 v0x5629d7be3090_0, 0;
    %jmp T_10.1;
T_10.0 ;
    %load/vec4 v0x5629d7be2fd0_0;
    %assign/vec4 v0x5629d7be3090_0, 0;
T_10.1 ;
    %jmp T_10;
    .thread T_10;
    .scope S_0x5629d7be32a0;
T_11 ;
    %wait E_0x5629d7b9c1d0;
    %load/vec4 v0x5629d7be3730_0;
    %cmpi/e 1, 0, 1;
    %jmp/0xz  T_11.0, 4;
    %pushi/vec4 0, 0, 1;
    %assign/vec4 v0x5629d7be3660_0, 0;
    %jmp T_11.1;
T_11.0 ;
    %load/vec4 v0x5629d7be35a0_0;
    %assign/vec4 v0x5629d7be3660_0, 0;
T_11.1 ;
    %jmp T_11;
    .thread T_11;
    .scope S_0x5629d7be3880;
T_12 ;
    %wait E_0x5629d7b9c1d0;
    %load/vec4 v0x5629d7be3d30_0;
    %cmpi/e 1, 0, 1;
    %jmp/0xz  T_12.0, 4;
    %pushi/vec4 0, 0, 1;
    %assign/vec4 v0x5629d7be3c90_0, 0;
    %jmp T_12.1;
T_12.0 ;
    %load/vec4 v0x5629d7be3bd0_0;
    %assign/vec4 v0x5629d7be3c90_0, 0;
T_12.1 ;
    %jmp T_12;
    .thread T_12;
    .scope S_0x5629d7be3e80;
T_13 ;
    %wait E_0x5629d7b9c1d0;
    %load/vec4 v0x5629d7be42c0_0;
    %cmpi/e 1, 0, 1;
    %jmp/0xz  T_13.0, 4;
    %pushi/vec4 0, 0, 1;
    %assign/vec4 v0x5629d7be41f0_0, 0;
    %jmp T_13.1;
T_13.0 ;
    %load/vec4 v0x5629d7be4130_0;
    %assign/vec4 v0x5629d7be41f0_0, 0;
T_13.1 ;
    %jmp T_13;
    .thread T_13;
    .scope S_0x5629d7be4410;
T_14 ;
    %wait E_0x5629d7b9c1d0;
    %load/vec4 v0x5629d7be4850_0;
    %cmpi/e 1, 0, 1;
    %jmp/0xz  T_14.0, 4;
    %pushi/vec4 0, 0, 1;
    %assign/vec4 v0x5629d7be4780_0, 0;
    %jmp T_14.1;
T_14.0 ;
    %load/vec4 v0x5629d7be46c0_0;
    %assign/vec4 v0x5629d7be4780_0, 0;
T_14.1 ;
    %jmp T_14;
    .thread T_14;
    .scope S_0x5629d7be49a0;
T_15 ;
    %wait E_0x5629d7b9c1d0;
    %load/vec4 v0x5629d7be4e30_0;
    %cmpi/e 1, 0, 1;
    %jmp/0xz  T_15.0, 4;
    %pushi/vec4 0, 0, 1;
    %assign/vec4 v0x5629d7be4d60_0, 0;
    %jmp T_15.1;
T_15.0 ;
    %load/vec4 v0x5629d7be4ca0_0;
    %assign/vec4 v0x5629d7be4d60_0, 0;
T_15.1 ;
    %jmp T_15;
    .thread T_15;
    .scope S_0x5629d7bbcf30;
T_16 ;
    %vpi_call 2 19 "$dumpfile", "usr.vcd" {0 0 0};
    %vpi_call 2 20 "$dumpvars" {0 0 0};
    %pushi/vec4 0, 0, 1;
    %store/vec4 v0x5629d7bea680_0, 0, 1;
    %pushi/vec4 1, 0, 1;
    %store/vec4 v0x5629d7bea840_0, 0, 1;
    %pushi/vec4 1, 0, 1;
    %store/vec4 v0x5629d7bea930_0, 0, 1;
    %pushi/vec4 0, 0, 1;
    %store/vec4 v0x5629d7bea750_0, 0, 1;
    %delay 100, 0;
    %vpi_call 2 26 "$display", "I=%b; valuein_register= %b; s=%b; output=%b", v0x5629d7bea4a0_0, v0x5629d7beaac0_0, v0x5629d7beaa20_0, v0x5629d7bea5b0_0 {0 0 0};
    %pushi/vec4 10, 0, 8;
    %store/vec4 v0x5629d7bea4a0_0, 0, 8;
    %pushi/vec4 0, 0, 1;
    %store/vec4 v0x5629d7bea840_0, 0, 1;
    %pushi/vec4 3, 0, 2;
    %store/vec4 v0x5629d7beaa20_0, 0, 2;
    %load/vec4 v0x5629d7bea5b0_0;
    %store/vec4 v0x5629d7beaac0_0, 0, 8;
    %delay 100, 0;
    %vpi_call 2 32 "$display", "I=%b; valuein_register= %b; s=%b; output=%b", v0x5629d7bea4a0_0, v0x5629d7beaac0_0, v0x5629d7beaa20_0, v0x5629d7bea5b0_0 {0 0 0};
    %load/vec4 v0x5629d7bea5b0_0;
    %store/vec4 v0x5629d7beaac0_0, 0, 8;
    %pushi/vec4 1, 0, 2;
    %store/vec4 v0x5629d7beaa20_0, 0, 2;
    %delay 100, 0;
    %vpi_call 2 36 "$display", "I=%b; valuein_register= %b; s=%b; output=%b", v0x5629d7bea4a0_0, v0x5629d7beaac0_0, v0x5629d7beaa20_0, v0x5629d7bea5b0_0 {0 0 0};
    %load/vec4 v0x5629d7bea5b0_0;
    %store/vec4 v0x5629d7beaac0_0, 0, 8;
    %pushi/vec4 2, 0, 2;
    %store/vec4 v0x5629d7beaa20_0, 0, 2;
    %delay 100, 0;
    %vpi_call 2 40 "$display", "I=%b; valuein_register= %b; s=%b; output=%b", v0x5629d7bea4a0_0, v0x5629d7beaac0_0, v0x5629d7beaa20_0, v0x5629d7bea5b0_0 {0 0 0};
    %load/vec4 v0x5629d7bea5b0_0;
    %store/vec4 v0x5629d7beaac0_0, 0, 8;
    %pushi/vec4 0, 0, 2;
    %store/vec4 v0x5629d7beaa20_0, 0, 2;
    %delay 100, 0;
    %vpi_call 2 44 "$display", "I=%b; valuein_register= %b; s=%b; output=%b", v0x5629d7bea4a0_0, v0x5629d7beaac0_0, v0x5629d7beaa20_0, v0x5629d7bea5b0_0 {0 0 0};
    %delay 100, 0;
    %vpi_call 2 45 "$finish" {0 0 0};
    %end;
    .thread T_16;
    .scope S_0x5629d7bbcf30;
T_17 ;
    %delay 50, 0;
    %load/vec4 v0x5629d7bea680_0;
    %inv;
    %store/vec4 v0x5629d7bea680_0, 0, 1;
    %jmp T_17;
    .thread T_17;
# The file index is used to find the file name in the following table.
:file_names 6;
    "N/A";
    "<interactive>";
    "USR_tb.v";
    "./USR.v";
    "./dflipflop.v";
    "./mux4x1.v";
