Running: /opt/14.7/ISE_DS/ISE/bin/lin64/unwrapped/fuse -relaunch -intstyle "ise" -incremental -lib "unisims_ver" -lib "unimacro_ver" -lib "xilinxcorelib_ver" -lib "secureip" -o "/home/hruthik/Desktop/VLSI/block-ram/blk_ram_isim_beh.exe" -prj "/home/hruthik/Desktop/VLSI/block-ram/blk_ram_beh.prj" "work.blk_ram" "work.glbl" 
ISim P.20131013 (signature 0xfbc00daa)
Number of CPUs detected in this system: 8
Turning on mult-threading, number of parallel sub-compilation jobs: 16 
Determining compilation order of HDL files
Analyzing Verilog file "/home/hruthik/Desktop/VLSI/block-ram/ipcore_dir/blk_mem.v" into library work
Analyzing Verilog file "/home/hruthik/Desktop/VLSI/block-ram/blk_ram.v" into library work
Analyzing Verilog file "/opt/14.7/ISE_DS/ISE//verilog/src/glbl.v" into library work
Starting static elaboration
Completed static elaboration
Fuse Memory Usage: 84348 KB
Fuse CPU Usage: 1350 ms
Compiling module BLK_MEM_GEN_V7_3_output_stage(C_...
Compiling module BLK_MEM_GEN_V7_3_softecc_output_...
Compiling module BLK_MEM_GEN_V7_3_mem_module(C_CO...
Compiling module BLK_MEM_GEN_V7_3(C_FAMILY="virte...
Compiling module blk_mem
Compiling module blk_ram
Compiling module glbl
Time Resolution for simulation is 1ps.
Waiting for 1 sub-compilation(s) to finish...
Compiled 7 Verilog Units
Built simulation executable /home/hruthik/Desktop/VLSI/block-ram/blk_ram_isim_beh.exe
Fuse Memory Usage: 1172424 KB
Fuse CPU Usage: 1400 ms
GCC CPU Usage: 170 ms
