#! /usr/bin/vvp
:ivl_version "10.3 (stable)";
:ivl_delay_selection "TYPICAL";
:vpi_time_precision + 0;
:vpi_module "system";
:vpi_module "vhdl_sys";
:vpi_module "v2005_math";
:vpi_module "va_math";
S_0x55fa01241450 .scope module, "top" "top" 2 3;
 .timescale 0 0;
v0x55fa012731c0_0 .var "a", 31 0;
v0x55fa012732a0_0 .var "b", 31 0;
v0x55fa01273340_0 .net "ca", 0 0, L_0x55fa012854a0;  1 drivers
v0x55fa012733e0_0 .var "cin", 0 0;
v0x55fa01273480_0 .net "sum", 31 0, L_0x55fa012861a0;  1 drivers
S_0x55fa01240c50 .scope module, "FullAdd_0" "rca32BitFullAdder" 2 9, 3 2 0, S_0x55fa01241450;
 .timescale 0 0;
    .port_info 0 /INPUT 32 "a"
    .port_info 1 /INPUT 32 "b"
    .port_info 2 /INPUT 1 "cin"
    .port_info 3 /OUTPUT 32 "sum"
    .port_info 4 /OUTPUT 1 "ca"
v0x55fa01272c10_0 .net "a", 31 0, v0x55fa012731c0_0;  1 drivers
v0x55fa01272d10_0 .net "b", 31 0, v0x55fa012732a0_0;  1 drivers
v0x55fa01272df0_0 .net "c6", 0 0, L_0x55fa0127bf80;  1 drivers
v0x55fa01272e90_0 .net "ca", 0 0, L_0x55fa012854a0;  alias, 1 drivers
v0x55fa01272f30_0 .net "cin", 0 0, v0x55fa012733e0_0;  1 drivers
v0x55fa01273060_0 .net "sum", 31 0, L_0x55fa012861a0;  alias, 1 drivers
L_0x55fa0127cb40 .part v0x55fa012731c0_0, 0, 16;
L_0x55fa0127cc30 .part v0x55fa012732a0_0, 0, 16;
L_0x55fa01286060 .part v0x55fa012731c0_0, 16, 16;
L_0x55fa01286100 .part v0x55fa012732a0_0, 16, 16;
L_0x55fa012861a0 .concat8 [ 16 16 0 0], L_0x55fa0127ca00, L_0x55fa01285f20;
S_0x55fa0123ae90 .scope module, "FA_0" "sixteenBitFullAdder" 3 11, 4 2 0, S_0x55fa01240c50;
 .timescale 0 0;
    .port_info 0 /INPUT 16 "a"
    .port_info 1 /INPUT 16 "b"
    .port_info 2 /INPUT 1 "cin"
    .port_info 3 /OUTPUT 16 "sum"
    .port_info 4 /OUTPUT 1 "ca"
v0x55fa012633f0_0 .net "a", 15 0, L_0x55fa0127cb40;  1 drivers
v0x55fa012634f0_0 .net "b", 15 0, L_0x55fa0127cc30;  1 drivers
v0x55fa012635d0_0 .net "c5", 0 0, L_0x55fa012775a0;  1 drivers
v0x55fa01263670_0 .net "ca", 0 0, L_0x55fa0127bf80;  alias, 1 drivers
v0x55fa01263710_0 .net "cin", 0 0, v0x55fa012733e0_0;  alias, 1 drivers
v0x55fa01263800_0 .net "sum", 15 0, L_0x55fa0127ca00;  1 drivers
L_0x55fa01277e40 .part L_0x55fa0127cb40, 0, 8;
L_0x55fa01277ee0 .part L_0x55fa0127cc30, 0, 8;
L_0x55fa0127c820 .part L_0x55fa0127cb40, 8, 8;
L_0x55fa0127c910 .part L_0x55fa0127cc30, 8, 8;
L_0x55fa0127ca00 .concat8 [ 8 8 0 0], L_0x55fa01277d00, L_0x55fa0127c6e0;
S_0x55fa0123d930 .scope module, "FA_0" "eightBitFullAdder" 4 11, 5 2 0, S_0x55fa0123ae90;
 .timescale 0 0;
    .port_info 0 /INPUT 8 "a"
    .port_info 1 /INPUT 8 "b"
    .port_info 2 /INPUT 1 "cin"
    .port_info 3 /OUTPUT 8 "sum"
    .port_info 4 /OUTPUT 1 "ca"
v0x55fa0125b880_0 .net "a", 7 0, L_0x55fa01277e40;  1 drivers
v0x55fa0125b980_0 .net "b", 7 0, L_0x55fa01277ee0;  1 drivers
v0x55fa0125ba60_0 .net "c4", 0 0, L_0x55fa012751d0;  1 drivers
v0x55fa0125bb90_0 .net "ca", 0 0, L_0x55fa012775a0;  alias, 1 drivers
v0x55fa0125bc30_0 .net "cin", 0 0, v0x55fa012733e0_0;  alias, 1 drivers
v0x55fa0125bd70_0 .net "sum", 7 0, L_0x55fa01277d00;  1 drivers
L_0x55fa01275750 .part L_0x55fa01277e40, 0, 4;
L_0x55fa012757f0 .part L_0x55fa01277ee0, 0, 4;
L_0x55fa01277b20 .part L_0x55fa01277e40, 4, 4;
L_0x55fa01277c10 .part L_0x55fa01277ee0, 4, 4;
L_0x55fa01277d00 .concat8 [ 4 4 0 0], L_0x55fa012756b0, L_0x55fa01277a80;
S_0x55fa0123c3e0 .scope module, "FA_0" "fourBitFullAdder" 5 11, 6 3 0, S_0x55fa0123d930;
 .timescale 0 0;
    .port_info 0 /INPUT 4 "a"
    .port_info 1 /INPUT 4 "b"
    .port_info 2 /INPUT 1 "cin"
    .port_info 3 /OUTPUT 4 "sum"
    .port_info 4 /OUTPUT 1 "ca"
v0x55fa01257ae0_0 .net "a", 3 0, L_0x55fa01275750;  1 drivers
v0x55fa01257be0_0 .net "b", 3 0, L_0x55fa012757f0;  1 drivers
v0x55fa01257cc0_0 .net "c1", 0 0, L_0x55fa01273a10;  1 drivers
v0x55fa01257d60_0 .net "c2", 0 0, L_0x55fa01274190;  1 drivers
v0x55fa01257e50_0 .net "c3", 0 0, L_0x55fa01274a10;  1 drivers
v0x55fa01257f90_0 .net "ca", 0 0, L_0x55fa012751d0;  alias, 1 drivers
v0x55fa01258030_0 .net "cin", 0 0, v0x55fa012733e0_0;  alias, 1 drivers
v0x55fa012580d0_0 .net "sum", 3 0, L_0x55fa012756b0;  1 drivers
L_0x55fa01273b20 .part L_0x55fa01275750, 0, 1;
L_0x55fa01273bc0 .part L_0x55fa012757f0, 0, 1;
L_0x55fa012742a0 .part L_0x55fa01275750, 1, 1;
L_0x55fa012743d0 .part L_0x55fa012757f0, 1, 1;
L_0x55fa01274b20 .part L_0x55fa01275750, 2, 1;
L_0x55fa01274c50 .part L_0x55fa012757f0, 2, 1;
L_0x55fa012752e0 .part L_0x55fa01275750, 3, 1;
L_0x55fa012754a0 .part L_0x55fa012757f0, 3, 1;
L_0x55fa012756b0 .concat8 [ 1 1 1 1], L_0x55fa01273580, L_0x55fa01273d60, L_0x55fa012745a0, L_0x55fa01274e30;
S_0x55fa0123edf0 .scope module, "FA_0" "oneBitFullAdder" 6 12, 7 1 0, S_0x55fa0123c3e0;
 .timescale 0 0;
    .port_info 0 /INPUT 1 "a"
    .port_info 1 /INPUT 1 "b"
    .port_info 2 /INPUT 1 "cin"
    .port_info 3 /OUTPUT 1 "sum"
    .port_info 4 /OUTPUT 1 "ca"
L_0x55fa01244120 .functor XOR 1, L_0x55fa01273b20, L_0x55fa01273bc0, C4<0>, C4<0>;
L_0x55fa01273580 .functor XOR 1, L_0x55fa01244120, v0x55fa012733e0_0, C4<0>, C4<0>;
L_0x55fa01273670 .functor AND 1, L_0x55fa01273b20, L_0x55fa01273bc0, C4<1>, C4<1>;
L_0x55fa01273780 .functor AND 1, L_0x55fa01273b20, v0x55fa012733e0_0, C4<1>, C4<1>;
L_0x55fa01273820 .functor AND 1, L_0x55fa01273bc0, v0x55fa012733e0_0, C4<1>, C4<1>;
L_0x55fa01273890 .functor OR 1, L_0x55fa01273670, L_0x55fa01273780, C4<0>, C4<0>;
L_0x55fa01273a10 .functor OR 1, L_0x55fa01273820, L_0x55fa01273890, C4<0>, C4<0>;
v0x55fa01241f70_0 .net "a", 0 0, L_0x55fa01273b20;  1 drivers
v0x55fa012294e0_0 .net "b", 0 0, L_0x55fa01273bc0;  1 drivers
v0x55fa01255360_0 .net "ca", 0 0, L_0x55fa01273a10;  alias, 1 drivers
v0x55fa01255430_0 .net "cin", 0 0, v0x55fa012733e0_0;  alias, 1 drivers
v0x55fa012554f0_0 .net "sum", 0 0, L_0x55fa01273580;  1 drivers
v0x55fa012555b0_0 .net "w1", 0 0, L_0x55fa01244120;  1 drivers
v0x55fa01255670_0 .net "w2", 0 0, L_0x55fa01273670;  1 drivers
v0x55fa01255730_0 .net "w3", 0 0, L_0x55fa01273780;  1 drivers
v0x55fa012557f0_0 .net "w4", 0 0, L_0x55fa01273820;  1 drivers
v0x55fa012558b0_0 .net "w5", 0 0, L_0x55fa01273890;  1 drivers
S_0x55fa01255a10 .scope module, "FA_1" "oneBitFullAdder" 6 13, 7 1 0, S_0x55fa0123c3e0;
 .timescale 0 0;
    .port_info 0 /INPUT 1 "a"
    .port_info 1 /INPUT 1 "b"
    .port_info 2 /INPUT 1 "cin"
    .port_info 3 /OUTPUT 1 "sum"
    .port_info 4 /OUTPUT 1 "ca"
L_0x55fa01273cf0 .functor XOR 1, L_0x55fa012742a0, L_0x55fa012743d0, C4<0>, C4<0>;
L_0x55fa01273d60 .functor XOR 1, L_0x55fa01273cf0, L_0x55fa01273a10, C4<0>, C4<0>;
L_0x55fa01273e90 .functor AND 1, L_0x55fa012742a0, L_0x55fa012743d0, C4<1>, C4<1>;
L_0x55fa01273f00 .functor AND 1, L_0x55fa012742a0, L_0x55fa01273a10, C4<1>, C4<1>;
L_0x55fa01273fa0 .functor AND 1, L_0x55fa012743d0, L_0x55fa01273a10, C4<1>, C4<1>;
L_0x55fa01274010 .functor OR 1, L_0x55fa01273e90, L_0x55fa01273f00, C4<0>, C4<0>;
L_0x55fa01274190 .functor OR 1, L_0x55fa01273fa0, L_0x55fa01274010, C4<0>, C4<0>;
v0x55fa01255c30_0 .net "a", 0 0, L_0x55fa012742a0;  1 drivers
v0x55fa01255cf0_0 .net "b", 0 0, L_0x55fa012743d0;  1 drivers
v0x55fa01255db0_0 .net "ca", 0 0, L_0x55fa01274190;  alias, 1 drivers
v0x55fa01255e80_0 .net "cin", 0 0, L_0x55fa01273a10;  alias, 1 drivers
v0x55fa01255f50_0 .net "sum", 0 0, L_0x55fa01273d60;  1 drivers
v0x55fa01255ff0_0 .net "w1", 0 0, L_0x55fa01273cf0;  1 drivers
v0x55fa012560b0_0 .net "w2", 0 0, L_0x55fa01273e90;  1 drivers
v0x55fa01256170_0 .net "w3", 0 0, L_0x55fa01273f00;  1 drivers
v0x55fa01256230_0 .net "w4", 0 0, L_0x55fa01273fa0;  1 drivers
v0x55fa01256380_0 .net "w5", 0 0, L_0x55fa01274010;  1 drivers
S_0x55fa012564e0 .scope module, "FA_2" "oneBitFullAdder" 6 14, 7 1 0, S_0x55fa0123c3e0;
 .timescale 0 0;
    .port_info 0 /INPUT 1 "a"
    .port_info 1 /INPUT 1 "b"
    .port_info 2 /INPUT 1 "cin"
    .port_info 3 /OUTPUT 1 "sum"
    .port_info 4 /OUTPUT 1 "ca"
L_0x55fa01274530 .functor XOR 1, L_0x55fa01274b20, L_0x55fa01274c50, C4<0>, C4<0>;
L_0x55fa012745a0 .functor XOR 1, L_0x55fa01274530, L_0x55fa01274190, C4<0>, C4<0>;
L_0x55fa012746f0 .functor AND 1, L_0x55fa01274b20, L_0x55fa01274c50, C4<1>, C4<1>;
L_0x55fa012747b0 .functor AND 1, L_0x55fa01274b20, L_0x55fa01274190, C4<1>, C4<1>;
L_0x55fa01274850 .functor AND 1, L_0x55fa01274c50, L_0x55fa01274190, C4<1>, C4<1>;
L_0x55fa012748c0 .functor OR 1, L_0x55fa012746f0, L_0x55fa012747b0, C4<0>, C4<0>;
L_0x55fa01274a10 .functor OR 1, L_0x55fa01274850, L_0x55fa012748c0, C4<0>, C4<0>;
v0x55fa01256710_0 .net "a", 0 0, L_0x55fa01274b20;  1 drivers
v0x55fa012567d0_0 .net "b", 0 0, L_0x55fa01274c50;  1 drivers
v0x55fa01256890_0 .net "ca", 0 0, L_0x55fa01274a10;  alias, 1 drivers
v0x55fa01256960_0 .net "cin", 0 0, L_0x55fa01274190;  alias, 1 drivers
v0x55fa01256a30_0 .net "sum", 0 0, L_0x55fa012745a0;  1 drivers
v0x55fa01256ad0_0 .net "w1", 0 0, L_0x55fa01274530;  1 drivers
v0x55fa01256b90_0 .net "w2", 0 0, L_0x55fa012746f0;  1 drivers
v0x55fa01256c50_0 .net "w3", 0 0, L_0x55fa012747b0;  1 drivers
v0x55fa01256d10_0 .net "w4", 0 0, L_0x55fa01274850;  1 drivers
v0x55fa01256e60_0 .net "w5", 0 0, L_0x55fa012748c0;  1 drivers
S_0x55fa01256fc0 .scope module, "FA_3" "oneBitFullAdder" 6 15, 7 1 0, S_0x55fa0123c3e0;
 .timescale 0 0;
    .port_info 0 /INPUT 1 "a"
    .port_info 1 /INPUT 1 "b"
    .port_info 2 /INPUT 1 "cin"
    .port_info 3 /OUTPUT 1 "sum"
    .port_info 4 /OUTPUT 1 "ca"
L_0x55fa01274dc0 .functor XOR 1, L_0x55fa012752e0, L_0x55fa012754a0, C4<0>, C4<0>;
L_0x55fa01274e30 .functor XOR 1, L_0x55fa01274dc0, L_0x55fa01274a10, C4<0>, C4<0>;
L_0x55fa01274f30 .functor AND 1, L_0x55fa012752e0, L_0x55fa012754a0, C4<1>, C4<1>;
L_0x55fa01274fa0 .functor AND 1, L_0x55fa012752e0, L_0x55fa01274a10, C4<1>, C4<1>;
L_0x55fa01275010 .functor AND 1, L_0x55fa012754a0, L_0x55fa01274a10, C4<1>, C4<1>;
L_0x55fa01275080 .functor OR 1, L_0x55fa01274f30, L_0x55fa01274fa0, C4<0>, C4<0>;
L_0x55fa012751d0 .functor OR 1, L_0x55fa01275010, L_0x55fa01275080, C4<0>, C4<0>;
v0x55fa012571c0_0 .net "a", 0 0, L_0x55fa012752e0;  1 drivers
v0x55fa012572a0_0 .net "b", 0 0, L_0x55fa012754a0;  1 drivers
v0x55fa01257360_0 .net "ca", 0 0, L_0x55fa012751d0;  alias, 1 drivers
v0x55fa01257430_0 .net "cin", 0 0, L_0x55fa01274a10;  alias, 1 drivers
v0x55fa01257500_0 .net "sum", 0 0, L_0x55fa01274e30;  1 drivers
v0x55fa012575f0_0 .net "w1", 0 0, L_0x55fa01274dc0;  1 drivers
v0x55fa012576b0_0 .net "w2", 0 0, L_0x55fa01274f30;  1 drivers
v0x55fa01257770_0 .net "w3", 0 0, L_0x55fa01274fa0;  1 drivers
v0x55fa01257830_0 .net "w4", 0 0, L_0x55fa01275010;  1 drivers
v0x55fa01257980_0 .net "w5", 0 0, L_0x55fa01275080;  1 drivers
S_0x55fa012581f0 .scope module, "FA_1" "fourBitFullAdder" 5 12, 6 3 0, S_0x55fa0123d930;
 .timescale 0 0;
    .port_info 0 /INPUT 4 "a"
    .port_info 1 /INPUT 4 "b"
    .port_info 2 /INPUT 1 "cin"
    .port_info 3 /OUTPUT 4 "sum"
    .port_info 4 /OUTPUT 1 "ca"
v0x55fa0125b150_0 .net "a", 3 0, L_0x55fa01277b20;  1 drivers
v0x55fa0125b250_0 .net "b", 3 0, L_0x55fa01277c10;  1 drivers
v0x55fa0125b330_0 .net "c1", 0 0, L_0x55fa01275e10;  1 drivers
v0x55fa0125b3d0_0 .net "c2", 0 0, L_0x55fa01276560;  1 drivers
v0x55fa0125b4c0_0 .net "c3", 0 0, L_0x55fa01276de0;  1 drivers
v0x55fa0125b600_0 .net "ca", 0 0, L_0x55fa012775a0;  alias, 1 drivers
v0x55fa0125b6a0_0 .net "cin", 0 0, L_0x55fa012751d0;  alias, 1 drivers
v0x55fa0125b740_0 .net "sum", 3 0, L_0x55fa01277a80;  1 drivers
L_0x55fa01275f20 .part L_0x55fa01277b20, 0, 1;
L_0x55fa01275fc0 .part L_0x55fa01277c10, 0, 1;
L_0x55fa01276670 .part L_0x55fa01277b20, 1, 1;
L_0x55fa012767a0 .part L_0x55fa01277c10, 1, 1;
L_0x55fa01276ef0 .part L_0x55fa01277b20, 2, 1;
L_0x55fa01277020 .part L_0x55fa01277c10, 2, 1;
L_0x55fa012776b0 .part L_0x55fa01277b20, 3, 1;
L_0x55fa01277870 .part L_0x55fa01277c10, 3, 1;
L_0x55fa01277a80 .concat8 [ 1 1 1 1], L_0x55fa01275900, L_0x55fa01276160, L_0x55fa01276970, L_0x55fa01277200;
S_0x55fa01258460 .scope module, "FA_0" "oneBitFullAdder" 6 12, 7 1 0, S_0x55fa012581f0;
 .timescale 0 0;
    .port_info 0 /INPUT 1 "a"
    .port_info 1 /INPUT 1 "b"
    .port_info 2 /INPUT 1 "cin"
    .port_info 3 /OUTPUT 1 "sum"
    .port_info 4 /OUTPUT 1 "ca"
L_0x55fa01275890 .functor XOR 1, L_0x55fa01275f20, L_0x55fa01275fc0, C4<0>, C4<0>;
L_0x55fa01275900 .functor XOR 1, L_0x55fa01275890, L_0x55fa012751d0, C4<0>, C4<0>;
L_0x55fa012759c0 .functor AND 1, L_0x55fa01275f20, L_0x55fa01275fc0, C4<1>, C4<1>;
L_0x55fa01275ad0 .functor AND 1, L_0x55fa01275f20, L_0x55fa012751d0, C4<1>, C4<1>;
L_0x55fa01275b40 .functor AND 1, L_0x55fa01275fc0, L_0x55fa012751d0, C4<1>, C4<1>;
L_0x55fa01275cc0 .functor OR 1, L_0x55fa012759c0, L_0x55fa01275ad0, C4<0>, C4<0>;
L_0x55fa01275e10 .functor OR 1, L_0x55fa01275b40, L_0x55fa01275cc0, C4<0>, C4<0>;
v0x55fa012586b0_0 .net "a", 0 0, L_0x55fa01275f20;  1 drivers
v0x55fa01258790_0 .net "b", 0 0, L_0x55fa01275fc0;  1 drivers
v0x55fa01258850_0 .net "ca", 0 0, L_0x55fa01275e10;  alias, 1 drivers
v0x55fa01258920_0 .net "cin", 0 0, L_0x55fa012751d0;  alias, 1 drivers
v0x55fa01258a10_0 .net "sum", 0 0, L_0x55fa01275900;  1 drivers
v0x55fa01258b20_0 .net "w1", 0 0, L_0x55fa01275890;  1 drivers
v0x55fa01258be0_0 .net "w2", 0 0, L_0x55fa012759c0;  1 drivers
v0x55fa01258ca0_0 .net "w3", 0 0, L_0x55fa01275ad0;  1 drivers
v0x55fa01258d60_0 .net "w4", 0 0, L_0x55fa01275b40;  1 drivers
v0x55fa01258eb0_0 .net "w5", 0 0, L_0x55fa01275cc0;  1 drivers
S_0x55fa01259010 .scope module, "FA_1" "oneBitFullAdder" 6 13, 7 1 0, S_0x55fa012581f0;
 .timescale 0 0;
    .port_info 0 /INPUT 1 "a"
    .port_info 1 /INPUT 1 "b"
    .port_info 2 /INPUT 1 "cin"
    .port_info 3 /OUTPUT 1 "sum"
    .port_info 4 /OUTPUT 1 "ca"
L_0x55fa012760f0 .functor XOR 1, L_0x55fa01276670, L_0x55fa012767a0, C4<0>, C4<0>;
L_0x55fa01276160 .functor XOR 1, L_0x55fa012760f0, L_0x55fa01275e10, C4<0>, C4<0>;
L_0x55fa01276260 .functor AND 1, L_0x55fa01276670, L_0x55fa012767a0, C4<1>, C4<1>;
L_0x55fa012762d0 .functor AND 1, L_0x55fa01276670, L_0x55fa01275e10, C4<1>, C4<1>;
L_0x55fa01276370 .functor AND 1, L_0x55fa012767a0, L_0x55fa01275e10, C4<1>, C4<1>;
L_0x55fa012763e0 .functor OR 1, L_0x55fa01276260, L_0x55fa012762d0, C4<0>, C4<0>;
L_0x55fa01276560 .functor OR 1, L_0x55fa01276370, L_0x55fa012763e0, C4<0>, C4<0>;
v0x55fa01259230_0 .net "a", 0 0, L_0x55fa01276670;  1 drivers
v0x55fa012592f0_0 .net "b", 0 0, L_0x55fa012767a0;  1 drivers
v0x55fa012593b0_0 .net "ca", 0 0, L_0x55fa01276560;  alias, 1 drivers
v0x55fa01259450_0 .net "cin", 0 0, L_0x55fa01275e10;  alias, 1 drivers
v0x55fa01259520_0 .net "sum", 0 0, L_0x55fa01276160;  1 drivers
v0x55fa01259610_0 .net "w1", 0 0, L_0x55fa012760f0;  1 drivers
v0x55fa012596d0_0 .net "w2", 0 0, L_0x55fa01276260;  1 drivers
v0x55fa01259790_0 .net "w3", 0 0, L_0x55fa012762d0;  1 drivers
v0x55fa01259850_0 .net "w4", 0 0, L_0x55fa01276370;  1 drivers
v0x55fa012599a0_0 .net "w5", 0 0, L_0x55fa012763e0;  1 drivers
S_0x55fa01259b00 .scope module, "FA_2" "oneBitFullAdder" 6 14, 7 1 0, S_0x55fa012581f0;
 .timescale 0 0;
    .port_info 0 /INPUT 1 "a"
    .port_info 1 /INPUT 1 "b"
    .port_info 2 /INPUT 1 "cin"
    .port_info 3 /OUTPUT 1 "sum"
    .port_info 4 /OUTPUT 1 "ca"
L_0x55fa01276900 .functor XOR 1, L_0x55fa01276ef0, L_0x55fa01277020, C4<0>, C4<0>;
L_0x55fa01276970 .functor XOR 1, L_0x55fa01276900, L_0x55fa01276560, C4<0>, C4<0>;
L_0x55fa01276ac0 .functor AND 1, L_0x55fa01276ef0, L_0x55fa01277020, C4<1>, C4<1>;
L_0x55fa01276b80 .functor AND 1, L_0x55fa01276ef0, L_0x55fa01276560, C4<1>, C4<1>;
L_0x55fa01276c20 .functor AND 1, L_0x55fa01277020, L_0x55fa01276560, C4<1>, C4<1>;
L_0x55fa01276c90 .functor OR 1, L_0x55fa01276ac0, L_0x55fa01276b80, C4<0>, C4<0>;
L_0x55fa01276de0 .functor OR 1, L_0x55fa01276c20, L_0x55fa01276c90, C4<0>, C4<0>;
v0x55fa01259d30_0 .net "a", 0 0, L_0x55fa01276ef0;  1 drivers
v0x55fa01259df0_0 .net "b", 0 0, L_0x55fa01277020;  1 drivers
v0x55fa01259eb0_0 .net "ca", 0 0, L_0x55fa01276de0;  alias, 1 drivers
v0x55fa01259f80_0 .net "cin", 0 0, L_0x55fa01276560;  alias, 1 drivers
v0x55fa0125a050_0 .net "sum", 0 0, L_0x55fa01276970;  1 drivers
v0x55fa0125a140_0 .net "w1", 0 0, L_0x55fa01276900;  1 drivers
v0x55fa0125a200_0 .net "w2", 0 0, L_0x55fa01276ac0;  1 drivers
v0x55fa0125a2c0_0 .net "w3", 0 0, L_0x55fa01276b80;  1 drivers
v0x55fa0125a380_0 .net "w4", 0 0, L_0x55fa01276c20;  1 drivers
v0x55fa0125a4d0_0 .net "w5", 0 0, L_0x55fa01276c90;  1 drivers
S_0x55fa0125a630 .scope module, "FA_3" "oneBitFullAdder" 6 15, 7 1 0, S_0x55fa012581f0;
 .timescale 0 0;
    .port_info 0 /INPUT 1 "a"
    .port_info 1 /INPUT 1 "b"
    .port_info 2 /INPUT 1 "cin"
    .port_info 3 /OUTPUT 1 "sum"
    .port_info 4 /OUTPUT 1 "ca"
L_0x55fa01277190 .functor XOR 1, L_0x55fa012776b0, L_0x55fa01277870, C4<0>, C4<0>;
L_0x55fa01277200 .functor XOR 1, L_0x55fa01277190, L_0x55fa01276de0, C4<0>, C4<0>;
L_0x55fa01277300 .functor AND 1, L_0x55fa012776b0, L_0x55fa01277870, C4<1>, C4<1>;
L_0x55fa01277370 .functor AND 1, L_0x55fa012776b0, L_0x55fa01276de0, C4<1>, C4<1>;
L_0x55fa012773e0 .functor AND 1, L_0x55fa01277870, L_0x55fa01276de0, C4<1>, C4<1>;
L_0x55fa01277450 .functor OR 1, L_0x55fa01277300, L_0x55fa01277370, C4<0>, C4<0>;
L_0x55fa012775a0 .functor OR 1, L_0x55fa012773e0, L_0x55fa01277450, C4<0>, C4<0>;
v0x55fa0125a830_0 .net "a", 0 0, L_0x55fa012776b0;  1 drivers
v0x55fa0125a910_0 .net "b", 0 0, L_0x55fa01277870;  1 drivers
v0x55fa0125a9d0_0 .net "ca", 0 0, L_0x55fa012775a0;  alias, 1 drivers
v0x55fa0125aaa0_0 .net "cin", 0 0, L_0x55fa01276de0;  alias, 1 drivers
v0x55fa0125ab70_0 .net "sum", 0 0, L_0x55fa01277200;  1 drivers
v0x55fa0125ac60_0 .net "w1", 0 0, L_0x55fa01277190;  1 drivers
v0x55fa0125ad20_0 .net "w2", 0 0, L_0x55fa01277300;  1 drivers
v0x55fa0125ade0_0 .net "w3", 0 0, L_0x55fa01277370;  1 drivers
v0x55fa0125aea0_0 .net "w4", 0 0, L_0x55fa012773e0;  1 drivers
v0x55fa0125aff0_0 .net "w5", 0 0, L_0x55fa01277450;  1 drivers
S_0x55fa0125bed0 .scope module, "FA_1" "eightBitFullAdder" 4 12, 5 2 0, S_0x55fa0123ae90;
 .timescale 0 0;
    .port_info 0 /INPUT 8 "a"
    .port_info 1 /INPUT 8 "b"
    .port_info 2 /INPUT 1 "cin"
    .port_info 3 /OUTPUT 8 "sum"
    .port_info 4 /OUTPUT 1 "ca"
v0x55fa01262df0_0 .net "a", 7 0, L_0x55fa0127c820;  1 drivers
v0x55fa01262ef0_0 .net "b", 7 0, L_0x55fa0127c910;  1 drivers
v0x55fa01262fd0_0 .net "c4", 0 0, L_0x55fa01279bf0;  1 drivers
v0x55fa01263100_0 .net "ca", 0 0, L_0x55fa0127bf80;  alias, 1 drivers
v0x55fa012631a0_0 .net "cin", 0 0, L_0x55fa012775a0;  alias, 1 drivers
v0x55fa01263290_0 .net "sum", 7 0, L_0x55fa0127c6e0;  1 drivers
L_0x55fa0127a170 .part L_0x55fa0127c820, 0, 4;
L_0x55fa0127a210 .part L_0x55fa0127c910, 0, 4;
L_0x55fa0127c500 .part L_0x55fa0127c820, 4, 4;
L_0x55fa0127c5f0 .part L_0x55fa0127c910, 4, 4;
L_0x55fa0127c6e0 .concat8 [ 4 4 0 0], L_0x55fa0127a0d0, L_0x55fa0127c460;
S_0x55fa0125c140 .scope module, "FA_0" "fourBitFullAdder" 5 11, 6 3 0, S_0x55fa0125bed0;
 .timescale 0 0;
    .port_info 0 /INPUT 4 "a"
    .port_info 1 /INPUT 4 "b"
    .port_info 2 /INPUT 1 "cin"
    .port_info 3 /OUTPUT 4 "sum"
    .port_info 4 /OUTPUT 1 "ca"
v0x55fa0125f020_0 .net "a", 3 0, L_0x55fa0127a170;  1 drivers
v0x55fa0125f120_0 .net "b", 3 0, L_0x55fa0127a210;  1 drivers
v0x55fa0125f200_0 .net "c1", 0 0, L_0x55fa012784c0;  1 drivers
v0x55fa0125f2a0_0 .net "c2", 0 0, L_0x55fa01278bb0;  1 drivers
v0x55fa0125f390_0 .net "c3", 0 0, L_0x55fa01279430;  1 drivers
v0x55fa0125f4d0_0 .net "ca", 0 0, L_0x55fa01279bf0;  alias, 1 drivers
v0x55fa0125f570_0 .net "cin", 0 0, L_0x55fa012775a0;  alias, 1 drivers
v0x55fa0125f6a0_0 .net "sum", 3 0, L_0x55fa0127a0d0;  1 drivers
L_0x55fa012785d0 .part L_0x55fa0127a170, 0, 1;
L_0x55fa01278670 .part L_0x55fa0127a210, 0, 1;
L_0x55fa01278cc0 .part L_0x55fa0127a170, 1, 1;
L_0x55fa01278df0 .part L_0x55fa0127a210, 1, 1;
L_0x55fa01279540 .part L_0x55fa0127a170, 2, 1;
L_0x55fa01279670 .part L_0x55fa0127a210, 2, 1;
L_0x55fa01279d00 .part L_0x55fa0127a170, 3, 1;
L_0x55fa01279ec0 .part L_0x55fa0127a210, 3, 1;
L_0x55fa0127a0d0 .concat8 [ 1 1 1 1], L_0x55fa01277ff0, L_0x55fa01278810, L_0x55fa01278fc0, L_0x55fa01279850;
S_0x55fa0125c390 .scope module, "FA_0" "oneBitFullAdder" 6 12, 7 1 0, S_0x55fa0125c140;
 .timescale 0 0;
    .port_info 0 /INPUT 1 "a"
    .port_info 1 /INPUT 1 "b"
    .port_info 2 /INPUT 1 "cin"
    .port_info 3 /OUTPUT 1 "sum"
    .port_info 4 /OUTPUT 1 "ca"
L_0x55fa01277f80 .functor XOR 1, L_0x55fa012785d0, L_0x55fa01278670, C4<0>, C4<0>;
L_0x55fa01277ff0 .functor XOR 1, L_0x55fa01277f80, L_0x55fa012775a0, C4<0>, C4<0>;
L_0x55fa012781c0 .functor AND 1, L_0x55fa012785d0, L_0x55fa01278670, C4<1>, C4<1>;
L_0x55fa012782d0 .functor AND 1, L_0x55fa012785d0, L_0x55fa012775a0, C4<1>, C4<1>;
L_0x55fa01278340 .functor AND 1, L_0x55fa01278670, L_0x55fa012775a0, C4<1>, C4<1>;
L_0x55fa012783b0 .functor OR 1, L_0x55fa012781c0, L_0x55fa012782d0, C4<0>, C4<0>;
L_0x55fa012784c0 .functor OR 1, L_0x55fa01278340, L_0x55fa012783b0, C4<0>, C4<0>;
v0x55fa0125c600_0 .net "a", 0 0, L_0x55fa012785d0;  1 drivers
v0x55fa0125c6e0_0 .net "b", 0 0, L_0x55fa01278670;  1 drivers
v0x55fa0125c7a0_0 .net "ca", 0 0, L_0x55fa012784c0;  alias, 1 drivers
v0x55fa0125c840_0 .net "cin", 0 0, L_0x55fa012775a0;  alias, 1 drivers
v0x55fa0125c8e0_0 .net "sum", 0 0, L_0x55fa01277ff0;  1 drivers
v0x55fa0125c9f0_0 .net "w1", 0 0, L_0x55fa01277f80;  1 drivers
v0x55fa0125cab0_0 .net "w2", 0 0, L_0x55fa012781c0;  1 drivers
v0x55fa0125cb70_0 .net "w3", 0 0, L_0x55fa012782d0;  1 drivers
v0x55fa0125cc30_0 .net "w4", 0 0, L_0x55fa01278340;  1 drivers
v0x55fa0125cd80_0 .net "w5", 0 0, L_0x55fa012783b0;  1 drivers
S_0x55fa0125cee0 .scope module, "FA_1" "oneBitFullAdder" 6 13, 7 1 0, S_0x55fa0125c140;
 .timescale 0 0;
    .port_info 0 /INPUT 1 "a"
    .port_info 1 /INPUT 1 "b"
    .port_info 2 /INPUT 1 "cin"
    .port_info 3 /OUTPUT 1 "sum"
    .port_info 4 /OUTPUT 1 "ca"
L_0x55fa012787a0 .functor XOR 1, L_0x55fa01278cc0, L_0x55fa01278df0, C4<0>, C4<0>;
L_0x55fa01278810 .functor XOR 1, L_0x55fa012787a0, L_0x55fa012784c0, C4<0>, C4<0>;
L_0x55fa01278910 .functor AND 1, L_0x55fa01278cc0, L_0x55fa01278df0, C4<1>, C4<1>;
L_0x55fa01278980 .functor AND 1, L_0x55fa01278cc0, L_0x55fa012784c0, C4<1>, C4<1>;
L_0x55fa012789f0 .functor AND 1, L_0x55fa01278df0, L_0x55fa012784c0, C4<1>, C4<1>;
L_0x55fa01278a60 .functor OR 1, L_0x55fa01278910, L_0x55fa01278980, C4<0>, C4<0>;
L_0x55fa01278bb0 .functor OR 1, L_0x55fa012789f0, L_0x55fa01278a60, C4<0>, C4<0>;
v0x55fa0125d100_0 .net "a", 0 0, L_0x55fa01278cc0;  1 drivers
v0x55fa0125d1c0_0 .net "b", 0 0, L_0x55fa01278df0;  1 drivers
v0x55fa0125d280_0 .net "ca", 0 0, L_0x55fa01278bb0;  alias, 1 drivers
v0x55fa0125d320_0 .net "cin", 0 0, L_0x55fa012784c0;  alias, 1 drivers
v0x55fa0125d3f0_0 .net "sum", 0 0, L_0x55fa01278810;  1 drivers
v0x55fa0125d4e0_0 .net "w1", 0 0, L_0x55fa012787a0;  1 drivers
v0x55fa0125d5a0_0 .net "w2", 0 0, L_0x55fa01278910;  1 drivers
v0x55fa0125d660_0 .net "w3", 0 0, L_0x55fa01278980;  1 drivers
v0x55fa0125d720_0 .net "w4", 0 0, L_0x55fa012789f0;  1 drivers
v0x55fa0125d870_0 .net "w5", 0 0, L_0x55fa01278a60;  1 drivers
S_0x55fa0125d9d0 .scope module, "FA_2" "oneBitFullAdder" 6 14, 7 1 0, S_0x55fa0125c140;
 .timescale 0 0;
    .port_info 0 /INPUT 1 "a"
    .port_info 1 /INPUT 1 "b"
    .port_info 2 /INPUT 1 "cin"
    .port_info 3 /OUTPUT 1 "sum"
    .port_info 4 /OUTPUT 1 "ca"
L_0x55fa01278f50 .functor XOR 1, L_0x55fa01279540, L_0x55fa01279670, C4<0>, C4<0>;
L_0x55fa01278fc0 .functor XOR 1, L_0x55fa01278f50, L_0x55fa01278bb0, C4<0>, C4<0>;
L_0x55fa01279110 .functor AND 1, L_0x55fa01279540, L_0x55fa01279670, C4<1>, C4<1>;
L_0x55fa012791d0 .functor AND 1, L_0x55fa01279540, L_0x55fa01278bb0, C4<1>, C4<1>;
L_0x55fa01279270 .functor AND 1, L_0x55fa01279670, L_0x55fa01278bb0, C4<1>, C4<1>;
L_0x55fa012792e0 .functor OR 1, L_0x55fa01279110, L_0x55fa012791d0, C4<0>, C4<0>;
L_0x55fa01279430 .functor OR 1, L_0x55fa01279270, L_0x55fa012792e0, C4<0>, C4<0>;
v0x55fa0125dc00_0 .net "a", 0 0, L_0x55fa01279540;  1 drivers
v0x55fa0125dcc0_0 .net "b", 0 0, L_0x55fa01279670;  1 drivers
v0x55fa0125dd80_0 .net "ca", 0 0, L_0x55fa01279430;  alias, 1 drivers
v0x55fa0125de50_0 .net "cin", 0 0, L_0x55fa01278bb0;  alias, 1 drivers
v0x55fa0125df20_0 .net "sum", 0 0, L_0x55fa01278fc0;  1 drivers
v0x55fa0125e010_0 .net "w1", 0 0, L_0x55fa01278f50;  1 drivers
v0x55fa0125e0d0_0 .net "w2", 0 0, L_0x55fa01279110;  1 drivers
v0x55fa0125e190_0 .net "w3", 0 0, L_0x55fa012791d0;  1 drivers
v0x55fa0125e250_0 .net "w4", 0 0, L_0x55fa01279270;  1 drivers
v0x55fa0125e3a0_0 .net "w5", 0 0, L_0x55fa012792e0;  1 drivers
S_0x55fa0125e500 .scope module, "FA_3" "oneBitFullAdder" 6 15, 7 1 0, S_0x55fa0125c140;
 .timescale 0 0;
    .port_info 0 /INPUT 1 "a"
    .port_info 1 /INPUT 1 "b"
    .port_info 2 /INPUT 1 "cin"
    .port_info 3 /OUTPUT 1 "sum"
    .port_info 4 /OUTPUT 1 "ca"
L_0x55fa012797e0 .functor XOR 1, L_0x55fa01279d00, L_0x55fa01279ec0, C4<0>, C4<0>;
L_0x55fa01279850 .functor XOR 1, L_0x55fa012797e0, L_0x55fa01279430, C4<0>, C4<0>;
L_0x55fa01279950 .functor AND 1, L_0x55fa01279d00, L_0x55fa01279ec0, C4<1>, C4<1>;
L_0x55fa012799c0 .functor AND 1, L_0x55fa01279d00, L_0x55fa01279430, C4<1>, C4<1>;
L_0x55fa01279a30 .functor AND 1, L_0x55fa01279ec0, L_0x55fa01279430, C4<1>, C4<1>;
L_0x55fa01279aa0 .functor OR 1, L_0x55fa01279950, L_0x55fa012799c0, C4<0>, C4<0>;
L_0x55fa01279bf0 .functor OR 1, L_0x55fa01279a30, L_0x55fa01279aa0, C4<0>, C4<0>;
v0x55fa0125e700_0 .net "a", 0 0, L_0x55fa01279d00;  1 drivers
v0x55fa0125e7e0_0 .net "b", 0 0, L_0x55fa01279ec0;  1 drivers
v0x55fa0125e8a0_0 .net "ca", 0 0, L_0x55fa01279bf0;  alias, 1 drivers
v0x55fa0125e970_0 .net "cin", 0 0, L_0x55fa01279430;  alias, 1 drivers
v0x55fa0125ea40_0 .net "sum", 0 0, L_0x55fa01279850;  1 drivers
v0x55fa0125eb30_0 .net "w1", 0 0, L_0x55fa012797e0;  1 drivers
v0x55fa0125ebf0_0 .net "w2", 0 0, L_0x55fa01279950;  1 drivers
v0x55fa0125ecb0_0 .net "w3", 0 0, L_0x55fa012799c0;  1 drivers
v0x55fa0125ed70_0 .net "w4", 0 0, L_0x55fa01279a30;  1 drivers
v0x55fa0125eec0_0 .net "w5", 0 0, L_0x55fa01279aa0;  1 drivers
S_0x55fa0125f7e0 .scope module, "FA_1" "fourBitFullAdder" 5 12, 6 3 0, S_0x55fa0125bed0;
 .timescale 0 0;
    .port_info 0 /INPUT 4 "a"
    .port_info 1 /INPUT 4 "b"
    .port_info 2 /INPUT 1 "cin"
    .port_info 3 /OUTPUT 4 "sum"
    .port_info 4 /OUTPUT 1 "ca"
v0x55fa012626c0_0 .net "a", 3 0, L_0x55fa0127c500;  1 drivers
v0x55fa012627c0_0 .net "b", 3 0, L_0x55fa0127c5f0;  1 drivers
v0x55fa012628a0_0 .net "c1", 0 0, L_0x55fa0127a7f0;  1 drivers
v0x55fa01262940_0 .net "c2", 0 0, L_0x55fa0127af40;  1 drivers
v0x55fa01262a30_0 .net "c3", 0 0, L_0x55fa0127b7c0;  1 drivers
v0x55fa01262b70_0 .net "ca", 0 0, L_0x55fa0127bf80;  alias, 1 drivers
v0x55fa01262c10_0 .net "cin", 0 0, L_0x55fa01279bf0;  alias, 1 drivers
v0x55fa01262cb0_0 .net "sum", 3 0, L_0x55fa0127c460;  1 drivers
L_0x55fa0127a900 .part L_0x55fa0127c500, 0, 1;
L_0x55fa0127a9a0 .part L_0x55fa0127c5f0, 0, 1;
L_0x55fa0127b050 .part L_0x55fa0127c500, 1, 1;
L_0x55fa0127b180 .part L_0x55fa0127c5f0, 1, 1;
L_0x55fa0127b8d0 .part L_0x55fa0127c500, 2, 1;
L_0x55fa0127ba00 .part L_0x55fa0127c5f0, 2, 1;
L_0x55fa0127c090 .part L_0x55fa0127c500, 3, 1;
L_0x55fa0127c250 .part L_0x55fa0127c5f0, 3, 1;
L_0x55fa0127c460 .concat8 [ 1 1 1 1], L_0x55fa0127a320, L_0x55fa0127ab40, L_0x55fa0127b350, L_0x55fa0127bbe0;
S_0x55fa0125fa00 .scope module, "FA_0" "oneBitFullAdder" 6 12, 7 1 0, S_0x55fa0125f7e0;
 .timescale 0 0;
    .port_info 0 /INPUT 1 "a"
    .port_info 1 /INPUT 1 "b"
    .port_info 2 /INPUT 1 "cin"
    .port_info 3 /OUTPUT 1 "sum"
    .port_info 4 /OUTPUT 1 "ca"
L_0x55fa0127a2b0 .functor XOR 1, L_0x55fa0127a900, L_0x55fa0127a9a0, C4<0>, C4<0>;
L_0x55fa0127a320 .functor XOR 1, L_0x55fa0127a2b0, L_0x55fa01279bf0, C4<0>, C4<0>;
L_0x55fa0127a3e0 .functor AND 1, L_0x55fa0127a900, L_0x55fa0127a9a0, C4<1>, C4<1>;
L_0x55fa0127a4f0 .functor AND 1, L_0x55fa0127a900, L_0x55fa01279bf0, C4<1>, C4<1>;
L_0x55fa0127a560 .functor AND 1, L_0x55fa0127a9a0, L_0x55fa01279bf0, C4<1>, C4<1>;
L_0x55fa0127a6e0 .functor OR 1, L_0x55fa0127a3e0, L_0x55fa0127a4f0, C4<0>, C4<0>;
L_0x55fa0127a7f0 .functor OR 1, L_0x55fa0127a560, L_0x55fa0127a6e0, C4<0>, C4<0>;
v0x55fa0125fc50_0 .net "a", 0 0, L_0x55fa0127a900;  1 drivers
v0x55fa0125fd30_0 .net "b", 0 0, L_0x55fa0127a9a0;  1 drivers
v0x55fa0125fdf0_0 .net "ca", 0 0, L_0x55fa0127a7f0;  alias, 1 drivers
v0x55fa0125fe90_0 .net "cin", 0 0, L_0x55fa01279bf0;  alias, 1 drivers
v0x55fa0125ff80_0 .net "sum", 0 0, L_0x55fa0127a320;  1 drivers
v0x55fa01260090_0 .net "w1", 0 0, L_0x55fa0127a2b0;  1 drivers
v0x55fa01260150_0 .net "w2", 0 0, L_0x55fa0127a3e0;  1 drivers
v0x55fa01260210_0 .net "w3", 0 0, L_0x55fa0127a4f0;  1 drivers
v0x55fa012602d0_0 .net "w4", 0 0, L_0x55fa0127a560;  1 drivers
v0x55fa01260420_0 .net "w5", 0 0, L_0x55fa0127a6e0;  1 drivers
S_0x55fa01260580 .scope module, "FA_1" "oneBitFullAdder" 6 13, 7 1 0, S_0x55fa0125f7e0;
 .timescale 0 0;
    .port_info 0 /INPUT 1 "a"
    .port_info 1 /INPUT 1 "b"
    .port_info 2 /INPUT 1 "cin"
    .port_info 3 /OUTPUT 1 "sum"
    .port_info 4 /OUTPUT 1 "ca"
L_0x55fa0127aad0 .functor XOR 1, L_0x55fa0127b050, L_0x55fa0127b180, C4<0>, C4<0>;
L_0x55fa0127ab40 .functor XOR 1, L_0x55fa0127aad0, L_0x55fa0127a7f0, C4<0>, C4<0>;
L_0x55fa0127ac40 .functor AND 1, L_0x55fa0127b050, L_0x55fa0127b180, C4<1>, C4<1>;
L_0x55fa0127acb0 .functor AND 1, L_0x55fa0127b050, L_0x55fa0127a7f0, C4<1>, C4<1>;
L_0x55fa0127ad50 .functor AND 1, L_0x55fa0127b180, L_0x55fa0127a7f0, C4<1>, C4<1>;
L_0x55fa0127adc0 .functor OR 1, L_0x55fa0127ac40, L_0x55fa0127acb0, C4<0>, C4<0>;
L_0x55fa0127af40 .functor OR 1, L_0x55fa0127ad50, L_0x55fa0127adc0, C4<0>, C4<0>;
v0x55fa012607a0_0 .net "a", 0 0, L_0x55fa0127b050;  1 drivers
v0x55fa01260860_0 .net "b", 0 0, L_0x55fa0127b180;  1 drivers
v0x55fa01260920_0 .net "ca", 0 0, L_0x55fa0127af40;  alias, 1 drivers
v0x55fa012609c0_0 .net "cin", 0 0, L_0x55fa0127a7f0;  alias, 1 drivers
v0x55fa01260a90_0 .net "sum", 0 0, L_0x55fa0127ab40;  1 drivers
v0x55fa01260b80_0 .net "w1", 0 0, L_0x55fa0127aad0;  1 drivers
v0x55fa01260c40_0 .net "w2", 0 0, L_0x55fa0127ac40;  1 drivers
v0x55fa01260d00_0 .net "w3", 0 0, L_0x55fa0127acb0;  1 drivers
v0x55fa01260dc0_0 .net "w4", 0 0, L_0x55fa0127ad50;  1 drivers
v0x55fa01260f10_0 .net "w5", 0 0, L_0x55fa0127adc0;  1 drivers
S_0x55fa01261070 .scope module, "FA_2" "oneBitFullAdder" 6 14, 7 1 0, S_0x55fa0125f7e0;
 .timescale 0 0;
    .port_info 0 /INPUT 1 "a"
    .port_info 1 /INPUT 1 "b"
    .port_info 2 /INPUT 1 "cin"
    .port_info 3 /OUTPUT 1 "sum"
    .port_info 4 /OUTPUT 1 "ca"
L_0x55fa0127b2e0 .functor XOR 1, L_0x55fa0127b8d0, L_0x55fa0127ba00, C4<0>, C4<0>;
L_0x55fa0127b350 .functor XOR 1, L_0x55fa0127b2e0, L_0x55fa0127af40, C4<0>, C4<0>;
L_0x55fa0127b4a0 .functor AND 1, L_0x55fa0127b8d0, L_0x55fa0127ba00, C4<1>, C4<1>;
L_0x55fa0127b560 .functor AND 1, L_0x55fa0127b8d0, L_0x55fa0127af40, C4<1>, C4<1>;
L_0x55fa0127b600 .functor AND 1, L_0x55fa0127ba00, L_0x55fa0127af40, C4<1>, C4<1>;
L_0x55fa0127b670 .functor OR 1, L_0x55fa0127b4a0, L_0x55fa0127b560, C4<0>, C4<0>;
L_0x55fa0127b7c0 .functor OR 1, L_0x55fa0127b600, L_0x55fa0127b670, C4<0>, C4<0>;
v0x55fa012612a0_0 .net "a", 0 0, L_0x55fa0127b8d0;  1 drivers
v0x55fa01261360_0 .net "b", 0 0, L_0x55fa0127ba00;  1 drivers
v0x55fa01261420_0 .net "ca", 0 0, L_0x55fa0127b7c0;  alias, 1 drivers
v0x55fa012614f0_0 .net "cin", 0 0, L_0x55fa0127af40;  alias, 1 drivers
v0x55fa012615c0_0 .net "sum", 0 0, L_0x55fa0127b350;  1 drivers
v0x55fa012616b0_0 .net "w1", 0 0, L_0x55fa0127b2e0;  1 drivers
v0x55fa01261770_0 .net "w2", 0 0, L_0x55fa0127b4a0;  1 drivers
v0x55fa01261830_0 .net "w3", 0 0, L_0x55fa0127b560;  1 drivers
v0x55fa012618f0_0 .net "w4", 0 0, L_0x55fa0127b600;  1 drivers
v0x55fa01261a40_0 .net "w5", 0 0, L_0x55fa0127b670;  1 drivers
S_0x55fa01261ba0 .scope module, "FA_3" "oneBitFullAdder" 6 15, 7 1 0, S_0x55fa0125f7e0;
 .timescale 0 0;
    .port_info 0 /INPUT 1 "a"
    .port_info 1 /INPUT 1 "b"
    .port_info 2 /INPUT 1 "cin"
    .port_info 3 /OUTPUT 1 "sum"
    .port_info 4 /OUTPUT 1 "ca"
L_0x55fa0127bb70 .functor XOR 1, L_0x55fa0127c090, L_0x55fa0127c250, C4<0>, C4<0>;
L_0x55fa0127bbe0 .functor XOR 1, L_0x55fa0127bb70, L_0x55fa0127b7c0, C4<0>, C4<0>;
L_0x55fa0127bce0 .functor AND 1, L_0x55fa0127c090, L_0x55fa0127c250, C4<1>, C4<1>;
L_0x55fa0127bd50 .functor AND 1, L_0x55fa0127c090, L_0x55fa0127b7c0, C4<1>, C4<1>;
L_0x55fa0127bdc0 .functor AND 1, L_0x55fa0127c250, L_0x55fa0127b7c0, C4<1>, C4<1>;
L_0x55fa0127be30 .functor OR 1, L_0x55fa0127bce0, L_0x55fa0127bd50, C4<0>, C4<0>;
L_0x55fa0127bf80 .functor OR 1, L_0x55fa0127bdc0, L_0x55fa0127be30, C4<0>, C4<0>;
v0x55fa01261da0_0 .net "a", 0 0, L_0x55fa0127c090;  1 drivers
v0x55fa01261e80_0 .net "b", 0 0, L_0x55fa0127c250;  1 drivers
v0x55fa01261f40_0 .net "ca", 0 0, L_0x55fa0127bf80;  alias, 1 drivers
v0x55fa01262010_0 .net "cin", 0 0, L_0x55fa0127b7c0;  alias, 1 drivers
v0x55fa012620e0_0 .net "sum", 0 0, L_0x55fa0127bbe0;  1 drivers
v0x55fa012621d0_0 .net "w1", 0 0, L_0x55fa0127bb70;  1 drivers
v0x55fa01262290_0 .net "w2", 0 0, L_0x55fa0127bce0;  1 drivers
v0x55fa01262350_0 .net "w3", 0 0, L_0x55fa0127bd50;  1 drivers
v0x55fa01262410_0 .net "w4", 0 0, L_0x55fa0127bdc0;  1 drivers
v0x55fa01262560_0 .net "w5", 0 0, L_0x55fa0127be30;  1 drivers
S_0x55fa01263960 .scope module, "FA_1" "sixteenBitFullAdder" 3 12, 4 2 0, S_0x55fa01240c50;
 .timescale 0 0;
    .port_info 0 /INPUT 16 "a"
    .port_info 1 /INPUT 16 "b"
    .port_info 2 /INPUT 1 "cin"
    .port_info 3 /OUTPUT 16 "sum"
    .port_info 4 /OUTPUT 1 "ca"
v0x55fa012726a0_0 .net "a", 15 0, L_0x55fa01286060;  1 drivers
v0x55fa012727a0_0 .net "b", 15 0, L_0x55fa01286100;  1 drivers
v0x55fa01272880_0 .net "c5", 0 0, L_0x55fa01280ac0;  1 drivers
v0x55fa01272920_0 .net "ca", 0 0, L_0x55fa012854a0;  alias, 1 drivers
v0x55fa012729c0_0 .net "cin", 0 0, L_0x55fa0127bf80;  alias, 1 drivers
v0x55fa01272ab0_0 .net "sum", 15 0, L_0x55fa01285f20;  1 drivers
L_0x55fa01281360 .part L_0x55fa01286060, 0, 8;
L_0x55fa01281400 .part L_0x55fa01286100, 0, 8;
L_0x55fa01285d40 .part L_0x55fa01286060, 8, 8;
L_0x55fa01285e30 .part L_0x55fa01286100, 8, 8;
L_0x55fa01285f20 .concat8 [ 8 8 0 0], L_0x55fa01281220, L_0x55fa01285c00;
S_0x55fa01263bd0 .scope module, "FA_0" "eightBitFullAdder" 4 11, 5 2 0, S_0x55fa01263960;
 .timescale 0 0;
    .port_info 0 /INPUT 8 "a"
    .port_info 1 /INPUT 8 "b"
    .port_info 2 /INPUT 1 "cin"
    .port_info 3 /OUTPUT 8 "sum"
    .port_info 4 /OUTPUT 1 "ca"
v0x55fa0126ab50_0 .net "a", 7 0, L_0x55fa01281360;  1 drivers
v0x55fa0126ac50_0 .net "b", 7 0, L_0x55fa01281400;  1 drivers
v0x55fa0126ad30_0 .net "c4", 0 0, L_0x55fa0127e7f0;  1 drivers
v0x55fa0126ae60_0 .net "ca", 0 0, L_0x55fa01280ac0;  alias, 1 drivers
v0x55fa0126af00_0 .net "cin", 0 0, L_0x55fa0127bf80;  alias, 1 drivers
v0x55fa0126aff0_0 .net "sum", 7 0, L_0x55fa01281220;  1 drivers
L_0x55fa0127ed70 .part L_0x55fa01281360, 0, 4;
L_0x55fa0127ee10 .part L_0x55fa01281400, 0, 4;
L_0x55fa01281040 .part L_0x55fa01281360, 4, 4;
L_0x55fa01281130 .part L_0x55fa01281400, 4, 4;
L_0x55fa01281220 .concat8 [ 4 4 0 0], L_0x55fa0127ecd0, L_0x55fa01280fa0;
S_0x55fa01263e20 .scope module, "FA_0" "fourBitFullAdder" 5 11, 6 3 0, S_0x55fa01263bd0;
 .timescale 0 0;
    .port_info 0 /INPUT 4 "a"
    .port_info 1 /INPUT 4 "b"
    .port_info 2 /INPUT 1 "cin"
    .port_info 3 /OUTPUT 4 "sum"
    .port_info 4 /OUTPUT 1 "ca"
v0x55fa01266dc0_0 .net "a", 3 0, L_0x55fa0127ed70;  1 drivers
v0x55fa01266ec0_0 .net "b", 3 0, L_0x55fa0127ee10;  1 drivers
v0x55fa01266fa0_0 .net "c1", 0 0, L_0x55fa0127d150;  1 drivers
v0x55fa01267040_0 .net "c2", 0 0, L_0x55fa0127d890;  1 drivers
v0x55fa01267130_0 .net "c3", 0 0, L_0x55fa0127e070;  1 drivers
v0x55fa01267270_0 .net "ca", 0 0, L_0x55fa0127e7f0;  alias, 1 drivers
v0x55fa01267310_0 .net "cin", 0 0, L_0x55fa0127bf80;  alias, 1 drivers
v0x55fa012673b0_0 .net "sum", 3 0, L_0x55fa0127ecd0;  1 drivers
L_0x55fa0127d260 .part L_0x55fa0127ed70, 0, 1;
L_0x55fa0127d390 .part L_0x55fa0127ee10, 0, 1;
L_0x55fa0127d9a0 .part L_0x55fa0127ed70, 1, 1;
L_0x55fa0127dad0 .part L_0x55fa0127ee10, 1, 1;
L_0x55fa0127e180 .part L_0x55fa0127ed70, 2, 1;
L_0x55fa0127e2b0 .part L_0x55fa0127ee10, 2, 1;
L_0x55fa0127e900 .part L_0x55fa0127ed70, 3, 1;
L_0x55fa0127eac0 .part L_0x55fa0127ee10, 3, 1;
L_0x55fa0127ecd0 .concat8 [ 1 1 1 1], L_0x55fa0127cd90, L_0x55fa0127d530, L_0x55fa0127dc70, L_0x55fa0127e450;
S_0x55fa01264090 .scope module, "FA_0" "oneBitFullAdder" 6 12, 7 1 0, S_0x55fa01263e20;
 .timescale 0 0;
    .port_info 0 /INPUT 1 "a"
    .port_info 1 /INPUT 1 "b"
    .port_info 2 /INPUT 1 "cin"
    .port_info 3 /OUTPUT 1 "sum"
    .port_info 4 /OUTPUT 1 "ca"
L_0x55fa0127cd20 .functor XOR 1, L_0x55fa0127d260, L_0x55fa0127d390, C4<0>, C4<0>;
L_0x55fa0127cd90 .functor XOR 1, L_0x55fa0127cd20, L_0x55fa0127bf80, C4<0>, C4<0>;
L_0x55fa0127ce50 .functor AND 1, L_0x55fa0127d260, L_0x55fa0127d390, C4<1>, C4<1>;
L_0x55fa0127cf60 .functor AND 1, L_0x55fa0127d260, L_0x55fa0127bf80, C4<1>, C4<1>;
L_0x55fa0127cfd0 .functor AND 1, L_0x55fa0127d390, L_0x55fa0127bf80, C4<1>, C4<1>;
L_0x55fa0127d040 .functor OR 1, L_0x55fa0127ce50, L_0x55fa0127cf60, C4<0>, C4<0>;
L_0x55fa0127d150 .functor OR 1, L_0x55fa0127cfd0, L_0x55fa0127d040, C4<0>, C4<0>;
v0x55fa01264300_0 .net "a", 0 0, L_0x55fa0127d260;  1 drivers
v0x55fa012643e0_0 .net "b", 0 0, L_0x55fa0127d390;  1 drivers
v0x55fa012644a0_0 .net "ca", 0 0, L_0x55fa0127d150;  alias, 1 drivers
v0x55fa01264570_0 .net "cin", 0 0, L_0x55fa0127bf80;  alias, 1 drivers
v0x55fa012646a0_0 .net "sum", 0 0, L_0x55fa0127cd90;  1 drivers
v0x55fa01264760_0 .net "w1", 0 0, L_0x55fa0127cd20;  1 drivers
v0x55fa01264820_0 .net "w2", 0 0, L_0x55fa0127ce50;  1 drivers
v0x55fa012648e0_0 .net "w3", 0 0, L_0x55fa0127cf60;  1 drivers
v0x55fa012649a0_0 .net "w4", 0 0, L_0x55fa0127cfd0;  1 drivers
v0x55fa01264af0_0 .net "w5", 0 0, L_0x55fa0127d040;  1 drivers
S_0x55fa01264c50 .scope module, "FA_1" "oneBitFullAdder" 6 13, 7 1 0, S_0x55fa01263e20;
 .timescale 0 0;
    .port_info 0 /INPUT 1 "a"
    .port_info 1 /INPUT 1 "b"
    .port_info 2 /INPUT 1 "cin"
    .port_info 3 /OUTPUT 1 "sum"
    .port_info 4 /OUTPUT 1 "ca"
L_0x55fa0127d4c0 .functor XOR 1, L_0x55fa0127d9a0, L_0x55fa0127dad0, C4<0>, C4<0>;
L_0x55fa0127d530 .functor XOR 1, L_0x55fa0127d4c0, L_0x55fa0127d150, C4<0>, C4<0>;
L_0x55fa0127d630 .functor AND 1, L_0x55fa0127d9a0, L_0x55fa0127dad0, C4<1>, C4<1>;
L_0x55fa0127d6a0 .functor AND 1, L_0x55fa0127d9a0, L_0x55fa0127d150, C4<1>, C4<1>;
L_0x55fa0127d710 .functor AND 1, L_0x55fa0127dad0, L_0x55fa0127d150, C4<1>, C4<1>;
L_0x55fa0127d780 .functor OR 1, L_0x55fa0127d630, L_0x55fa0127d6a0, C4<0>, C4<0>;
L_0x55fa0127d890 .functor OR 1, L_0x55fa0127d710, L_0x55fa0127d780, C4<0>, C4<0>;
v0x55fa01264e70_0 .net "a", 0 0, L_0x55fa0127d9a0;  1 drivers
v0x55fa01264f30_0 .net "b", 0 0, L_0x55fa0127dad0;  1 drivers
v0x55fa01264ff0_0 .net "ca", 0 0, L_0x55fa0127d890;  alias, 1 drivers
v0x55fa012650c0_0 .net "cin", 0 0, L_0x55fa0127d150;  alias, 1 drivers
v0x55fa01265190_0 .net "sum", 0 0, L_0x55fa0127d530;  1 drivers
v0x55fa01265280_0 .net "w1", 0 0, L_0x55fa0127d4c0;  1 drivers
v0x55fa01265340_0 .net "w2", 0 0, L_0x55fa0127d630;  1 drivers
v0x55fa01265400_0 .net "w3", 0 0, L_0x55fa0127d6a0;  1 drivers
v0x55fa012654c0_0 .net "w4", 0 0, L_0x55fa0127d710;  1 drivers
v0x55fa01265610_0 .net "w5", 0 0, L_0x55fa0127d780;  1 drivers
S_0x55fa01265770 .scope module, "FA_2" "oneBitFullAdder" 6 14, 7 1 0, S_0x55fa01263e20;
 .timescale 0 0;
    .port_info 0 /INPUT 1 "a"
    .port_info 1 /INPUT 1 "b"
    .port_info 2 /INPUT 1 "cin"
    .port_info 3 /OUTPUT 1 "sum"
    .port_info 4 /OUTPUT 1 "ca"
L_0x55fa0127dc00 .functor XOR 1, L_0x55fa0127e180, L_0x55fa0127e2b0, C4<0>, C4<0>;
L_0x55fa0127dc70 .functor XOR 1, L_0x55fa0127dc00, L_0x55fa0127d890, C4<0>, C4<0>;
L_0x55fa0127ddc0 .functor AND 1, L_0x55fa0127e180, L_0x55fa0127e2b0, C4<1>, C4<1>;
L_0x55fa0127de80 .functor AND 1, L_0x55fa0127e180, L_0x55fa0127d890, C4<1>, C4<1>;
L_0x55fa0127def0 .functor AND 1, L_0x55fa0127e2b0, L_0x55fa0127d890, C4<1>, C4<1>;
L_0x55fa0127df60 .functor OR 1, L_0x55fa0127ddc0, L_0x55fa0127de80, C4<0>, C4<0>;
L_0x55fa0127e070 .functor OR 1, L_0x55fa0127def0, L_0x55fa0127df60, C4<0>, C4<0>;
v0x55fa012659a0_0 .net "a", 0 0, L_0x55fa0127e180;  1 drivers
v0x55fa01265a60_0 .net "b", 0 0, L_0x55fa0127e2b0;  1 drivers
v0x55fa01265b20_0 .net "ca", 0 0, L_0x55fa0127e070;  alias, 1 drivers
v0x55fa01265bf0_0 .net "cin", 0 0, L_0x55fa0127d890;  alias, 1 drivers
v0x55fa01265cc0_0 .net "sum", 0 0, L_0x55fa0127dc70;  1 drivers
v0x55fa01265db0_0 .net "w1", 0 0, L_0x55fa0127dc00;  1 drivers
v0x55fa01265e70_0 .net "w2", 0 0, L_0x55fa0127ddc0;  1 drivers
v0x55fa01265f30_0 .net "w3", 0 0, L_0x55fa0127de80;  1 drivers
v0x55fa01265ff0_0 .net "w4", 0 0, L_0x55fa0127def0;  1 drivers
v0x55fa01266140_0 .net "w5", 0 0, L_0x55fa0127df60;  1 drivers
S_0x55fa012662a0 .scope module, "FA_3" "oneBitFullAdder" 6 15, 7 1 0, S_0x55fa01263e20;
 .timescale 0 0;
    .port_info 0 /INPUT 1 "a"
    .port_info 1 /INPUT 1 "b"
    .port_info 2 /INPUT 1 "cin"
    .port_info 3 /OUTPUT 1 "sum"
    .port_info 4 /OUTPUT 1 "ca"
L_0x55fa0127e3e0 .functor XOR 1, L_0x55fa0127e900, L_0x55fa0127eac0, C4<0>, C4<0>;
L_0x55fa0127e450 .functor XOR 1, L_0x55fa0127e3e0, L_0x55fa0127e070, C4<0>, C4<0>;
L_0x55fa0127e550 .functor AND 1, L_0x55fa0127e900, L_0x55fa0127eac0, C4<1>, C4<1>;
L_0x55fa0127e5c0 .functor AND 1, L_0x55fa0127e900, L_0x55fa0127e070, C4<1>, C4<1>;
L_0x55fa0127e630 .functor AND 1, L_0x55fa0127eac0, L_0x55fa0127e070, C4<1>, C4<1>;
L_0x55fa0127e6a0 .functor OR 1, L_0x55fa0127e550, L_0x55fa0127e5c0, C4<0>, C4<0>;
L_0x55fa0127e7f0 .functor OR 1, L_0x55fa0127e630, L_0x55fa0127e6a0, C4<0>, C4<0>;
v0x55fa012664a0_0 .net "a", 0 0, L_0x55fa0127e900;  1 drivers
v0x55fa01266580_0 .net "b", 0 0, L_0x55fa0127eac0;  1 drivers
v0x55fa01266640_0 .net "ca", 0 0, L_0x55fa0127e7f0;  alias, 1 drivers
v0x55fa01266710_0 .net "cin", 0 0, L_0x55fa0127e070;  alias, 1 drivers
v0x55fa012667e0_0 .net "sum", 0 0, L_0x55fa0127e450;  1 drivers
v0x55fa012668d0_0 .net "w1", 0 0, L_0x55fa0127e3e0;  1 drivers
v0x55fa01266990_0 .net "w2", 0 0, L_0x55fa0127e550;  1 drivers
v0x55fa01266a50_0 .net "w3", 0 0, L_0x55fa0127e5c0;  1 drivers
v0x55fa01266b10_0 .net "w4", 0 0, L_0x55fa0127e630;  1 drivers
v0x55fa01266c60_0 .net "w5", 0 0, L_0x55fa0127e6a0;  1 drivers
S_0x55fa012674f0 .scope module, "FA_1" "fourBitFullAdder" 5 12, 6 3 0, S_0x55fa01263bd0;
 .timescale 0 0;
    .port_info 0 /INPUT 4 "a"
    .port_info 1 /INPUT 4 "b"
    .port_info 2 /INPUT 1 "cin"
    .port_info 3 /OUTPUT 4 "sum"
    .port_info 4 /OUTPUT 1 "ca"
v0x55fa0126a420_0 .net "a", 3 0, L_0x55fa01281040;  1 drivers
v0x55fa0126a520_0 .net "b", 3 0, L_0x55fa01281130;  1 drivers
v0x55fa0126a600_0 .net "c1", 0 0, L_0x55fa0127f3f0;  1 drivers
v0x55fa0126a6a0_0 .net "c2", 0 0, L_0x55fa0127fae0;  1 drivers
v0x55fa0126a790_0 .net "c3", 0 0, L_0x55fa01280300;  1 drivers
v0x55fa0126a8d0_0 .net "ca", 0 0, L_0x55fa01280ac0;  alias, 1 drivers
v0x55fa0126a970_0 .net "cin", 0 0, L_0x55fa0127e7f0;  alias, 1 drivers
v0x55fa0126aa10_0 .net "sum", 3 0, L_0x55fa01280fa0;  1 drivers
L_0x55fa0127f500 .part L_0x55fa01281040, 0, 1;
L_0x55fa0127f5a0 .part L_0x55fa01281130, 0, 1;
L_0x55fa0127fbf0 .part L_0x55fa01281040, 1, 1;
L_0x55fa0127fd20 .part L_0x55fa01281130, 1, 1;
L_0x55fa01280410 .part L_0x55fa01281040, 2, 1;
L_0x55fa01280540 .part L_0x55fa01281130, 2, 1;
L_0x55fa01280bd0 .part L_0x55fa01281040, 3, 1;
L_0x55fa01280d90 .part L_0x55fa01281130, 3, 1;
L_0x55fa01280fa0 .concat8 [ 1 1 1 1], L_0x55fa0127ef20, L_0x55fa0127f740, L_0x55fa0127fec0, L_0x55fa01280720;
S_0x55fa01267760 .scope module, "FA_0" "oneBitFullAdder" 6 12, 7 1 0, S_0x55fa012674f0;
 .timescale 0 0;
    .port_info 0 /INPUT 1 "a"
    .port_info 1 /INPUT 1 "b"
    .port_info 2 /INPUT 1 "cin"
    .port_info 3 /OUTPUT 1 "sum"
    .port_info 4 /OUTPUT 1 "ca"
L_0x55fa0127eeb0 .functor XOR 1, L_0x55fa0127f500, L_0x55fa0127f5a0, C4<0>, C4<0>;
L_0x55fa0127ef20 .functor XOR 1, L_0x55fa0127eeb0, L_0x55fa0127e7f0, C4<0>, C4<0>;
L_0x55fa0127efe0 .functor AND 1, L_0x55fa0127f500, L_0x55fa0127f5a0, C4<1>, C4<1>;
L_0x55fa0127f0f0 .functor AND 1, L_0x55fa0127f500, L_0x55fa0127e7f0, C4<1>, C4<1>;
L_0x55fa0127f160 .functor AND 1, L_0x55fa0127f5a0, L_0x55fa0127e7f0, C4<1>, C4<1>;
L_0x55fa0127f2e0 .functor OR 1, L_0x55fa0127efe0, L_0x55fa0127f0f0, C4<0>, C4<0>;
L_0x55fa0127f3f0 .functor OR 1, L_0x55fa0127f160, L_0x55fa0127f2e0, C4<0>, C4<0>;
v0x55fa012679b0_0 .net "a", 0 0, L_0x55fa0127f500;  1 drivers
v0x55fa01267a90_0 .net "b", 0 0, L_0x55fa0127f5a0;  1 drivers
v0x55fa01267b50_0 .net "ca", 0 0, L_0x55fa0127f3f0;  alias, 1 drivers
v0x55fa01267bf0_0 .net "cin", 0 0, L_0x55fa0127e7f0;  alias, 1 drivers
v0x55fa01267ce0_0 .net "sum", 0 0, L_0x55fa0127ef20;  1 drivers
v0x55fa01267df0_0 .net "w1", 0 0, L_0x55fa0127eeb0;  1 drivers
v0x55fa01267eb0_0 .net "w2", 0 0, L_0x55fa0127efe0;  1 drivers
v0x55fa01267f70_0 .net "w3", 0 0, L_0x55fa0127f0f0;  1 drivers
v0x55fa01268030_0 .net "w4", 0 0, L_0x55fa0127f160;  1 drivers
v0x55fa01268180_0 .net "w5", 0 0, L_0x55fa0127f2e0;  1 drivers
S_0x55fa012682e0 .scope module, "FA_1" "oneBitFullAdder" 6 13, 7 1 0, S_0x55fa012674f0;
 .timescale 0 0;
    .port_info 0 /INPUT 1 "a"
    .port_info 1 /INPUT 1 "b"
    .port_info 2 /INPUT 1 "cin"
    .port_info 3 /OUTPUT 1 "sum"
    .port_info 4 /OUTPUT 1 "ca"
L_0x55fa0127f6d0 .functor XOR 1, L_0x55fa0127fbf0, L_0x55fa0127fd20, C4<0>, C4<0>;
L_0x55fa0127f740 .functor XOR 1, L_0x55fa0127f6d0, L_0x55fa0127f3f0, C4<0>, C4<0>;
L_0x55fa0127f840 .functor AND 1, L_0x55fa0127fbf0, L_0x55fa0127fd20, C4<1>, C4<1>;
L_0x55fa0127f8b0 .functor AND 1, L_0x55fa0127fbf0, L_0x55fa0127f3f0, C4<1>, C4<1>;
L_0x55fa0127f920 .functor AND 1, L_0x55fa0127fd20, L_0x55fa0127f3f0, C4<1>, C4<1>;
L_0x55fa0127f990 .functor OR 1, L_0x55fa0127f840, L_0x55fa0127f8b0, C4<0>, C4<0>;
L_0x55fa0127fae0 .functor OR 1, L_0x55fa0127f920, L_0x55fa0127f990, C4<0>, C4<0>;
v0x55fa01268500_0 .net "a", 0 0, L_0x55fa0127fbf0;  1 drivers
v0x55fa012685c0_0 .net "b", 0 0, L_0x55fa0127fd20;  1 drivers
v0x55fa01268680_0 .net "ca", 0 0, L_0x55fa0127fae0;  alias, 1 drivers
v0x55fa01268720_0 .net "cin", 0 0, L_0x55fa0127f3f0;  alias, 1 drivers
v0x55fa012687f0_0 .net "sum", 0 0, L_0x55fa0127f740;  1 drivers
v0x55fa012688e0_0 .net "w1", 0 0, L_0x55fa0127f6d0;  1 drivers
v0x55fa012689a0_0 .net "w2", 0 0, L_0x55fa0127f840;  1 drivers
v0x55fa01268a60_0 .net "w3", 0 0, L_0x55fa0127f8b0;  1 drivers
v0x55fa01268b20_0 .net "w4", 0 0, L_0x55fa0127f920;  1 drivers
v0x55fa01268c70_0 .net "w5", 0 0, L_0x55fa0127f990;  1 drivers
S_0x55fa01268dd0 .scope module, "FA_2" "oneBitFullAdder" 6 14, 7 1 0, S_0x55fa012674f0;
 .timescale 0 0;
    .port_info 0 /INPUT 1 "a"
    .port_info 1 /INPUT 1 "b"
    .port_info 2 /INPUT 1 "cin"
    .port_info 3 /OUTPUT 1 "sum"
    .port_info 4 /OUTPUT 1 "ca"
L_0x55fa0127fe50 .functor XOR 1, L_0x55fa01280410, L_0x55fa01280540, C4<0>, C4<0>;
L_0x55fa0127fec0 .functor XOR 1, L_0x55fa0127fe50, L_0x55fa0127fae0, C4<0>, C4<0>;
L_0x55fa01280010 .functor AND 1, L_0x55fa01280410, L_0x55fa01280540, C4<1>, C4<1>;
L_0x55fa012800d0 .functor AND 1, L_0x55fa01280410, L_0x55fa0127fae0, C4<1>, C4<1>;
L_0x55fa01280140 .functor AND 1, L_0x55fa01280540, L_0x55fa0127fae0, C4<1>, C4<1>;
L_0x55fa012801b0 .functor OR 1, L_0x55fa01280010, L_0x55fa012800d0, C4<0>, C4<0>;
L_0x55fa01280300 .functor OR 1, L_0x55fa01280140, L_0x55fa012801b0, C4<0>, C4<0>;
v0x55fa01269000_0 .net "a", 0 0, L_0x55fa01280410;  1 drivers
v0x55fa012690c0_0 .net "b", 0 0, L_0x55fa01280540;  1 drivers
v0x55fa01269180_0 .net "ca", 0 0, L_0x55fa01280300;  alias, 1 drivers
v0x55fa01269250_0 .net "cin", 0 0, L_0x55fa0127fae0;  alias, 1 drivers
v0x55fa01269320_0 .net "sum", 0 0, L_0x55fa0127fec0;  1 drivers
v0x55fa01269410_0 .net "w1", 0 0, L_0x55fa0127fe50;  1 drivers
v0x55fa012694d0_0 .net "w2", 0 0, L_0x55fa01280010;  1 drivers
v0x55fa01269590_0 .net "w3", 0 0, L_0x55fa012800d0;  1 drivers
v0x55fa01269650_0 .net "w4", 0 0, L_0x55fa01280140;  1 drivers
v0x55fa012697a0_0 .net "w5", 0 0, L_0x55fa012801b0;  1 drivers
S_0x55fa01269900 .scope module, "FA_3" "oneBitFullAdder" 6 15, 7 1 0, S_0x55fa012674f0;
 .timescale 0 0;
    .port_info 0 /INPUT 1 "a"
    .port_info 1 /INPUT 1 "b"
    .port_info 2 /INPUT 1 "cin"
    .port_info 3 /OUTPUT 1 "sum"
    .port_info 4 /OUTPUT 1 "ca"
L_0x55fa012806b0 .functor XOR 1, L_0x55fa01280bd0, L_0x55fa01280d90, C4<0>, C4<0>;
L_0x55fa01280720 .functor XOR 1, L_0x55fa012806b0, L_0x55fa01280300, C4<0>, C4<0>;
L_0x55fa01280820 .functor AND 1, L_0x55fa01280bd0, L_0x55fa01280d90, C4<1>, C4<1>;
L_0x55fa01280890 .functor AND 1, L_0x55fa01280bd0, L_0x55fa01280300, C4<1>, C4<1>;
L_0x55fa01280900 .functor AND 1, L_0x55fa01280d90, L_0x55fa01280300, C4<1>, C4<1>;
L_0x55fa01280970 .functor OR 1, L_0x55fa01280820, L_0x55fa01280890, C4<0>, C4<0>;
L_0x55fa01280ac0 .functor OR 1, L_0x55fa01280900, L_0x55fa01280970, C4<0>, C4<0>;
v0x55fa01269b00_0 .net "a", 0 0, L_0x55fa01280bd0;  1 drivers
v0x55fa01269be0_0 .net "b", 0 0, L_0x55fa01280d90;  1 drivers
v0x55fa01269ca0_0 .net "ca", 0 0, L_0x55fa01280ac0;  alias, 1 drivers
v0x55fa01269d70_0 .net "cin", 0 0, L_0x55fa01280300;  alias, 1 drivers
v0x55fa01269e40_0 .net "sum", 0 0, L_0x55fa01280720;  1 drivers
v0x55fa01269f30_0 .net "w1", 0 0, L_0x55fa012806b0;  1 drivers
v0x55fa01269ff0_0 .net "w2", 0 0, L_0x55fa01280820;  1 drivers
v0x55fa0126a0b0_0 .net "w3", 0 0, L_0x55fa01280890;  1 drivers
v0x55fa0126a170_0 .net "w4", 0 0, L_0x55fa01280900;  1 drivers
v0x55fa0126a2c0_0 .net "w5", 0 0, L_0x55fa01280970;  1 drivers
S_0x55fa0126b150 .scope module, "FA_1" "eightBitFullAdder" 4 12, 5 2 0, S_0x55fa01263960;
 .timescale 0 0;
    .port_info 0 /INPUT 8 "a"
    .port_info 1 /INPUT 8 "b"
    .port_info 2 /INPUT 1 "cin"
    .port_info 3 /OUTPUT 8 "sum"
    .port_info 4 /OUTPUT 1 "ca"
v0x55fa012720a0_0 .net "a", 7 0, L_0x55fa01285d40;  1 drivers
v0x55fa012721a0_0 .net "b", 7 0, L_0x55fa01285e30;  1 drivers
v0x55fa01272280_0 .net "c4", 0 0, L_0x55fa01283110;  1 drivers
v0x55fa012723b0_0 .net "ca", 0 0, L_0x55fa012854a0;  alias, 1 drivers
v0x55fa01272450_0 .net "cin", 0 0, L_0x55fa01280ac0;  alias, 1 drivers
v0x55fa01272540_0 .net "sum", 7 0, L_0x55fa01285c00;  1 drivers
L_0x55fa01283690 .part L_0x55fa01285d40, 0, 4;
L_0x55fa01283730 .part L_0x55fa01285e30, 0, 4;
L_0x55fa01285a20 .part L_0x55fa01285d40, 4, 4;
L_0x55fa01285b10 .part L_0x55fa01285e30, 4, 4;
L_0x55fa01285c00 .concat8 [ 4 4 0 0], L_0x55fa012835f0, L_0x55fa01285980;
S_0x55fa0126b3c0 .scope module, "FA_0" "fourBitFullAdder" 5 11, 6 3 0, S_0x55fa0126b150;
 .timescale 0 0;
    .port_info 0 /INPUT 4 "a"
    .port_info 1 /INPUT 4 "b"
    .port_info 2 /INPUT 1 "cin"
    .port_info 3 /OUTPUT 4 "sum"
    .port_info 4 /OUTPUT 1 "ca"
v0x55fa0126e2d0_0 .net "a", 3 0, L_0x55fa01283690;  1 drivers
v0x55fa0126e3d0_0 .net "b", 3 0, L_0x55fa01283730;  1 drivers
v0x55fa0126e4b0_0 .net "c1", 0 0, L_0x55fa012819e0;  1 drivers
v0x55fa0126e550_0 .net "c2", 0 0, L_0x55fa012820d0;  1 drivers
v0x55fa0126e640_0 .net "c3", 0 0, L_0x55fa01282950;  1 drivers
v0x55fa0126e780_0 .net "ca", 0 0, L_0x55fa01283110;  alias, 1 drivers
v0x55fa0126e820_0 .net "cin", 0 0, L_0x55fa01280ac0;  alias, 1 drivers
v0x55fa0126e950_0 .net "sum", 3 0, L_0x55fa012835f0;  1 drivers
L_0x55fa01281af0 .part L_0x55fa01283690, 0, 1;
L_0x55fa01281b90 .part L_0x55fa01283730, 0, 1;
L_0x55fa012821e0 .part L_0x55fa01283690, 1, 1;
L_0x55fa01282310 .part L_0x55fa01283730, 1, 1;
L_0x55fa01282a60 .part L_0x55fa01283690, 2, 1;
L_0x55fa01282b90 .part L_0x55fa01283730, 2, 1;
L_0x55fa01283220 .part L_0x55fa01283690, 3, 1;
L_0x55fa012833e0 .part L_0x55fa01283730, 3, 1;
L_0x55fa012835f0 .concat8 [ 1 1 1 1], L_0x55fa01281510, L_0x55fa01281d30, L_0x55fa012824e0, L_0x55fa01282d70;
S_0x55fa0126b610 .scope module, "FA_0" "oneBitFullAdder" 6 12, 7 1 0, S_0x55fa0126b3c0;
 .timescale 0 0;
    .port_info 0 /INPUT 1 "a"
    .port_info 1 /INPUT 1 "b"
    .port_info 2 /INPUT 1 "cin"
    .port_info 3 /OUTPUT 1 "sum"
    .port_info 4 /OUTPUT 1 "ca"
L_0x55fa012814a0 .functor XOR 1, L_0x55fa01281af0, L_0x55fa01281b90, C4<0>, C4<0>;
L_0x55fa01281510 .functor XOR 1, L_0x55fa012814a0, L_0x55fa01280ac0, C4<0>, C4<0>;
L_0x55fa012816e0 .functor AND 1, L_0x55fa01281af0, L_0x55fa01281b90, C4<1>, C4<1>;
L_0x55fa012817f0 .functor AND 1, L_0x55fa01281af0, L_0x55fa01280ac0, C4<1>, C4<1>;
L_0x55fa01281860 .functor AND 1, L_0x55fa01281b90, L_0x55fa01280ac0, C4<1>, C4<1>;
L_0x55fa012818d0 .functor OR 1, L_0x55fa012816e0, L_0x55fa012817f0, C4<0>, C4<0>;
L_0x55fa012819e0 .functor OR 1, L_0x55fa01281860, L_0x55fa012818d0, C4<0>, C4<0>;
v0x55fa0126b880_0 .net "a", 0 0, L_0x55fa01281af0;  1 drivers
v0x55fa0126b960_0 .net "b", 0 0, L_0x55fa01281b90;  1 drivers
v0x55fa0126ba20_0 .net "ca", 0 0, L_0x55fa012819e0;  alias, 1 drivers
v0x55fa0126bac0_0 .net "cin", 0 0, L_0x55fa01280ac0;  alias, 1 drivers
v0x55fa0126bb60_0 .net "sum", 0 0, L_0x55fa01281510;  1 drivers
v0x55fa0126bc70_0 .net "w1", 0 0, L_0x55fa012814a0;  1 drivers
v0x55fa0126bd30_0 .net "w2", 0 0, L_0x55fa012816e0;  1 drivers
v0x55fa0126bdf0_0 .net "w3", 0 0, L_0x55fa012817f0;  1 drivers
v0x55fa0126beb0_0 .net "w4", 0 0, L_0x55fa01281860;  1 drivers
v0x55fa0126c000_0 .net "w5", 0 0, L_0x55fa012818d0;  1 drivers
S_0x55fa0126c160 .scope module, "FA_1" "oneBitFullAdder" 6 13, 7 1 0, S_0x55fa0126b3c0;
 .timescale 0 0;
    .port_info 0 /INPUT 1 "a"
    .port_info 1 /INPUT 1 "b"
    .port_info 2 /INPUT 1 "cin"
    .port_info 3 /OUTPUT 1 "sum"
    .port_info 4 /OUTPUT 1 "ca"
L_0x55fa01281cc0 .functor XOR 1, L_0x55fa012821e0, L_0x55fa01282310, C4<0>, C4<0>;
L_0x55fa01281d30 .functor XOR 1, L_0x55fa01281cc0, L_0x55fa012819e0, C4<0>, C4<0>;
L_0x55fa01281e30 .functor AND 1, L_0x55fa012821e0, L_0x55fa01282310, C4<1>, C4<1>;
L_0x55fa01281ea0 .functor AND 1, L_0x55fa012821e0, L_0x55fa012819e0, C4<1>, C4<1>;
L_0x55fa01281f10 .functor AND 1, L_0x55fa01282310, L_0x55fa012819e0, C4<1>, C4<1>;
L_0x55fa01281f80 .functor OR 1, L_0x55fa01281e30, L_0x55fa01281ea0, C4<0>, C4<0>;
L_0x55fa012820d0 .functor OR 1, L_0x55fa01281f10, L_0x55fa01281f80, C4<0>, C4<0>;
v0x55fa0126c380_0 .net "a", 0 0, L_0x55fa012821e0;  1 drivers
v0x55fa0126c440_0 .net "b", 0 0, L_0x55fa01282310;  1 drivers
v0x55fa0126c500_0 .net "ca", 0 0, L_0x55fa012820d0;  alias, 1 drivers
v0x55fa0126c5d0_0 .net "cin", 0 0, L_0x55fa012819e0;  alias, 1 drivers
v0x55fa0126c6a0_0 .net "sum", 0 0, L_0x55fa01281d30;  1 drivers
v0x55fa0126c790_0 .net "w1", 0 0, L_0x55fa01281cc0;  1 drivers
v0x55fa0126c850_0 .net "w2", 0 0, L_0x55fa01281e30;  1 drivers
v0x55fa0126c910_0 .net "w3", 0 0, L_0x55fa01281ea0;  1 drivers
v0x55fa0126c9d0_0 .net "w4", 0 0, L_0x55fa01281f10;  1 drivers
v0x55fa0126cb20_0 .net "w5", 0 0, L_0x55fa01281f80;  1 drivers
S_0x55fa0126cc80 .scope module, "FA_2" "oneBitFullAdder" 6 14, 7 1 0, S_0x55fa0126b3c0;
 .timescale 0 0;
    .port_info 0 /INPUT 1 "a"
    .port_info 1 /INPUT 1 "b"
    .port_info 2 /INPUT 1 "cin"
    .port_info 3 /OUTPUT 1 "sum"
    .port_info 4 /OUTPUT 1 "ca"
L_0x55fa01282470 .functor XOR 1, L_0x55fa01282a60, L_0x55fa01282b90, C4<0>, C4<0>;
L_0x55fa012824e0 .functor XOR 1, L_0x55fa01282470, L_0x55fa012820d0, C4<0>, C4<0>;
L_0x55fa01282630 .functor AND 1, L_0x55fa01282a60, L_0x55fa01282b90, C4<1>, C4<1>;
L_0x55fa012826f0 .functor AND 1, L_0x55fa01282a60, L_0x55fa012820d0, C4<1>, C4<1>;
L_0x55fa01282790 .functor AND 1, L_0x55fa01282b90, L_0x55fa012820d0, C4<1>, C4<1>;
L_0x55fa01282800 .functor OR 1, L_0x55fa01282630, L_0x55fa012826f0, C4<0>, C4<0>;
L_0x55fa01282950 .functor OR 1, L_0x55fa01282790, L_0x55fa01282800, C4<0>, C4<0>;
v0x55fa0126ceb0_0 .net "a", 0 0, L_0x55fa01282a60;  1 drivers
v0x55fa0126cf70_0 .net "b", 0 0, L_0x55fa01282b90;  1 drivers
v0x55fa0126d030_0 .net "ca", 0 0, L_0x55fa01282950;  alias, 1 drivers
v0x55fa0126d100_0 .net "cin", 0 0, L_0x55fa012820d0;  alias, 1 drivers
v0x55fa0126d1d0_0 .net "sum", 0 0, L_0x55fa012824e0;  1 drivers
v0x55fa0126d2c0_0 .net "w1", 0 0, L_0x55fa01282470;  1 drivers
v0x55fa0126d380_0 .net "w2", 0 0, L_0x55fa01282630;  1 drivers
v0x55fa0126d440_0 .net "w3", 0 0, L_0x55fa012826f0;  1 drivers
v0x55fa0126d500_0 .net "w4", 0 0, L_0x55fa01282790;  1 drivers
v0x55fa0126d650_0 .net "w5", 0 0, L_0x55fa01282800;  1 drivers
S_0x55fa0126d7b0 .scope module, "FA_3" "oneBitFullAdder" 6 15, 7 1 0, S_0x55fa0126b3c0;
 .timescale 0 0;
    .port_info 0 /INPUT 1 "a"
    .port_info 1 /INPUT 1 "b"
    .port_info 2 /INPUT 1 "cin"
    .port_info 3 /OUTPUT 1 "sum"
    .port_info 4 /OUTPUT 1 "ca"
L_0x55fa01282d00 .functor XOR 1, L_0x55fa01283220, L_0x55fa012833e0, C4<0>, C4<0>;
L_0x55fa01282d70 .functor XOR 1, L_0x55fa01282d00, L_0x55fa01282950, C4<0>, C4<0>;
L_0x55fa01282e70 .functor AND 1, L_0x55fa01283220, L_0x55fa012833e0, C4<1>, C4<1>;
L_0x55fa01282ee0 .functor AND 1, L_0x55fa01283220, L_0x55fa01282950, C4<1>, C4<1>;
L_0x55fa01282f50 .functor AND 1, L_0x55fa012833e0, L_0x55fa01282950, C4<1>, C4<1>;
L_0x55fa01282fc0 .functor OR 1, L_0x55fa01282e70, L_0x55fa01282ee0, C4<0>, C4<0>;
L_0x55fa01283110 .functor OR 1, L_0x55fa01282f50, L_0x55fa01282fc0, C4<0>, C4<0>;
v0x55fa0126d9b0_0 .net "a", 0 0, L_0x55fa01283220;  1 drivers
v0x55fa0126da90_0 .net "b", 0 0, L_0x55fa012833e0;  1 drivers
v0x55fa0126db50_0 .net "ca", 0 0, L_0x55fa01283110;  alias, 1 drivers
v0x55fa0126dc20_0 .net "cin", 0 0, L_0x55fa01282950;  alias, 1 drivers
v0x55fa0126dcf0_0 .net "sum", 0 0, L_0x55fa01282d70;  1 drivers
v0x55fa0126dde0_0 .net "w1", 0 0, L_0x55fa01282d00;  1 drivers
v0x55fa0126dea0_0 .net "w2", 0 0, L_0x55fa01282e70;  1 drivers
v0x55fa0126df60_0 .net "w3", 0 0, L_0x55fa01282ee0;  1 drivers
v0x55fa0126e020_0 .net "w4", 0 0, L_0x55fa01282f50;  1 drivers
v0x55fa0126e170_0 .net "w5", 0 0, L_0x55fa01282fc0;  1 drivers
S_0x55fa0126ea90 .scope module, "FA_1" "fourBitFullAdder" 5 12, 6 3 0, S_0x55fa0126b150;
 .timescale 0 0;
    .port_info 0 /INPUT 4 "a"
    .port_info 1 /INPUT 4 "b"
    .port_info 2 /INPUT 1 "cin"
    .port_info 3 /OUTPUT 4 "sum"
    .port_info 4 /OUTPUT 1 "ca"
v0x55fa01271970_0 .net "a", 3 0, L_0x55fa01285a20;  1 drivers
v0x55fa01271a70_0 .net "b", 3 0, L_0x55fa01285b10;  1 drivers
v0x55fa01271b50_0 .net "c1", 0 0, L_0x55fa01283d10;  1 drivers
v0x55fa01271bf0_0 .net "c2", 0 0, L_0x55fa01284460;  1 drivers
v0x55fa01271ce0_0 .net "c3", 0 0, L_0x55fa01284ce0;  1 drivers
v0x55fa01271e20_0 .net "ca", 0 0, L_0x55fa012854a0;  alias, 1 drivers
v0x55fa01271ec0_0 .net "cin", 0 0, L_0x55fa01283110;  alias, 1 drivers
v0x55fa01271f60_0 .net "sum", 3 0, L_0x55fa01285980;  1 drivers
L_0x55fa01283e20 .part L_0x55fa01285a20, 0, 1;
L_0x55fa01283ec0 .part L_0x55fa01285b10, 0, 1;
L_0x55fa01284570 .part L_0x55fa01285a20, 1, 1;
L_0x55fa012846a0 .part L_0x55fa01285b10, 1, 1;
L_0x55fa01284df0 .part L_0x55fa01285a20, 2, 1;
L_0x55fa01284f20 .part L_0x55fa01285b10, 2, 1;
L_0x55fa012855b0 .part L_0x55fa01285a20, 3, 1;
L_0x55fa01285770 .part L_0x55fa01285b10, 3, 1;
L_0x55fa01285980 .concat8 [ 1 1 1 1], L_0x55fa01283840, L_0x55fa01284060, L_0x55fa01284870, L_0x55fa01285100;
S_0x55fa0126ecb0 .scope module, "FA_0" "oneBitFullAdder" 6 12, 7 1 0, S_0x55fa0126ea90;
 .timescale 0 0;
    .port_info 0 /INPUT 1 "a"
    .port_info 1 /INPUT 1 "b"
    .port_info 2 /INPUT 1 "cin"
    .port_info 3 /OUTPUT 1 "sum"
    .port_info 4 /OUTPUT 1 "ca"
L_0x55fa012837d0 .functor XOR 1, L_0x55fa01283e20, L_0x55fa01283ec0, C4<0>, C4<0>;
L_0x55fa01283840 .functor XOR 1, L_0x55fa012837d0, L_0x55fa01283110, C4<0>, C4<0>;
L_0x55fa01283900 .functor AND 1, L_0x55fa01283e20, L_0x55fa01283ec0, C4<1>, C4<1>;
L_0x55fa01283a10 .functor AND 1, L_0x55fa01283e20, L_0x55fa01283110, C4<1>, C4<1>;
L_0x55fa01283a80 .functor AND 1, L_0x55fa01283ec0, L_0x55fa01283110, C4<1>, C4<1>;
L_0x55fa01283c00 .functor OR 1, L_0x55fa01283900, L_0x55fa01283a10, C4<0>, C4<0>;
L_0x55fa01283d10 .functor OR 1, L_0x55fa01283a80, L_0x55fa01283c00, C4<0>, C4<0>;
v0x55fa0126ef00_0 .net "a", 0 0, L_0x55fa01283e20;  1 drivers
v0x55fa0126efe0_0 .net "b", 0 0, L_0x55fa01283ec0;  1 drivers
v0x55fa0126f0a0_0 .net "ca", 0 0, L_0x55fa01283d10;  alias, 1 drivers
v0x55fa0126f140_0 .net "cin", 0 0, L_0x55fa01283110;  alias, 1 drivers
v0x55fa0126f230_0 .net "sum", 0 0, L_0x55fa01283840;  1 drivers
v0x55fa0126f340_0 .net "w1", 0 0, L_0x55fa012837d0;  1 drivers
v0x55fa0126f400_0 .net "w2", 0 0, L_0x55fa01283900;  1 drivers
v0x55fa0126f4c0_0 .net "w3", 0 0, L_0x55fa01283a10;  1 drivers
v0x55fa0126f580_0 .net "w4", 0 0, L_0x55fa01283a80;  1 drivers
v0x55fa0126f6d0_0 .net "w5", 0 0, L_0x55fa01283c00;  1 drivers
S_0x55fa0126f830 .scope module, "FA_1" "oneBitFullAdder" 6 13, 7 1 0, S_0x55fa0126ea90;
 .timescale 0 0;
    .port_info 0 /INPUT 1 "a"
    .port_info 1 /INPUT 1 "b"
    .port_info 2 /INPUT 1 "cin"
    .port_info 3 /OUTPUT 1 "sum"
    .port_info 4 /OUTPUT 1 "ca"
L_0x55fa01283ff0 .functor XOR 1, L_0x55fa01284570, L_0x55fa012846a0, C4<0>, C4<0>;
L_0x55fa01284060 .functor XOR 1, L_0x55fa01283ff0, L_0x55fa01283d10, C4<0>, C4<0>;
L_0x55fa01284160 .functor AND 1, L_0x55fa01284570, L_0x55fa012846a0, C4<1>, C4<1>;
L_0x55fa012841d0 .functor AND 1, L_0x55fa01284570, L_0x55fa01283d10, C4<1>, C4<1>;
L_0x55fa01284270 .functor AND 1, L_0x55fa012846a0, L_0x55fa01283d10, C4<1>, C4<1>;
L_0x55fa012842e0 .functor OR 1, L_0x55fa01284160, L_0x55fa012841d0, C4<0>, C4<0>;
L_0x55fa01284460 .functor OR 1, L_0x55fa01284270, L_0x55fa012842e0, C4<0>, C4<0>;
v0x55fa0126fa50_0 .net "a", 0 0, L_0x55fa01284570;  1 drivers
v0x55fa0126fb10_0 .net "b", 0 0, L_0x55fa012846a0;  1 drivers
v0x55fa0126fbd0_0 .net "ca", 0 0, L_0x55fa01284460;  alias, 1 drivers
v0x55fa0126fc70_0 .net "cin", 0 0, L_0x55fa01283d10;  alias, 1 drivers
v0x55fa0126fd40_0 .net "sum", 0 0, L_0x55fa01284060;  1 drivers
v0x55fa0126fe30_0 .net "w1", 0 0, L_0x55fa01283ff0;  1 drivers
v0x55fa0126fef0_0 .net "w2", 0 0, L_0x55fa01284160;  1 drivers
v0x55fa0126ffb0_0 .net "w3", 0 0, L_0x55fa012841d0;  1 drivers
v0x55fa01270070_0 .net "w4", 0 0, L_0x55fa01284270;  1 drivers
v0x55fa012701c0_0 .net "w5", 0 0, L_0x55fa012842e0;  1 drivers
S_0x55fa01270320 .scope module, "FA_2" "oneBitFullAdder" 6 14, 7 1 0, S_0x55fa0126ea90;
 .timescale 0 0;
    .port_info 0 /INPUT 1 "a"
    .port_info 1 /INPUT 1 "b"
    .port_info 2 /INPUT 1 "cin"
    .port_info 3 /OUTPUT 1 "sum"
    .port_info 4 /OUTPUT 1 "ca"
L_0x55fa01284800 .functor XOR 1, L_0x55fa01284df0, L_0x55fa01284f20, C4<0>, C4<0>;
L_0x55fa01284870 .functor XOR 1, L_0x55fa01284800, L_0x55fa01284460, C4<0>, C4<0>;
L_0x55fa012849c0 .functor AND 1, L_0x55fa01284df0, L_0x55fa01284f20, C4<1>, C4<1>;
L_0x55fa01284a80 .functor AND 1, L_0x55fa01284df0, L_0x55fa01284460, C4<1>, C4<1>;
L_0x55fa01284b20 .functor AND 1, L_0x55fa01284f20, L_0x55fa01284460, C4<1>, C4<1>;
L_0x55fa01284b90 .functor OR 1, L_0x55fa012849c0, L_0x55fa01284a80, C4<0>, C4<0>;
L_0x55fa01284ce0 .functor OR 1, L_0x55fa01284b20, L_0x55fa01284b90, C4<0>, C4<0>;
v0x55fa01270550_0 .net "a", 0 0, L_0x55fa01284df0;  1 drivers
v0x55fa01270610_0 .net "b", 0 0, L_0x55fa01284f20;  1 drivers
v0x55fa012706d0_0 .net "ca", 0 0, L_0x55fa01284ce0;  alias, 1 drivers
v0x55fa012707a0_0 .net "cin", 0 0, L_0x55fa01284460;  alias, 1 drivers
v0x55fa01270870_0 .net "sum", 0 0, L_0x55fa01284870;  1 drivers
v0x55fa01270960_0 .net "w1", 0 0, L_0x55fa01284800;  1 drivers
v0x55fa01270a20_0 .net "w2", 0 0, L_0x55fa012849c0;  1 drivers
v0x55fa01270ae0_0 .net "w3", 0 0, L_0x55fa01284a80;  1 drivers
v0x55fa01270ba0_0 .net "w4", 0 0, L_0x55fa01284b20;  1 drivers
v0x55fa01270cf0_0 .net "w5", 0 0, L_0x55fa01284b90;  1 drivers
S_0x55fa01270e50 .scope module, "FA_3" "oneBitFullAdder" 6 15, 7 1 0, S_0x55fa0126ea90;
 .timescale 0 0;
    .port_info 0 /INPUT 1 "a"
    .port_info 1 /INPUT 1 "b"
    .port_info 2 /INPUT 1 "cin"
    .port_info 3 /OUTPUT 1 "sum"
    .port_info 4 /OUTPUT 1 "ca"
L_0x55fa01285090 .functor XOR 1, L_0x55fa012855b0, L_0x55fa01285770, C4<0>, C4<0>;
L_0x55fa01285100 .functor XOR 1, L_0x55fa01285090, L_0x55fa01284ce0, C4<0>, C4<0>;
L_0x55fa01285200 .functor AND 1, L_0x55fa012855b0, L_0x55fa01285770, C4<1>, C4<1>;
L_0x55fa01285270 .functor AND 1, L_0x55fa012855b0, L_0x55fa01284ce0, C4<1>, C4<1>;
L_0x55fa012852e0 .functor AND 1, L_0x55fa01285770, L_0x55fa01284ce0, C4<1>, C4<1>;
L_0x55fa01285350 .functor OR 1, L_0x55fa01285200, L_0x55fa01285270, C4<0>, C4<0>;
L_0x55fa012854a0 .functor OR 1, L_0x55fa012852e0, L_0x55fa01285350, C4<0>, C4<0>;
v0x55fa01271050_0 .net "a", 0 0, L_0x55fa012855b0;  1 drivers
v0x55fa01271130_0 .net "b", 0 0, L_0x55fa01285770;  1 drivers
v0x55fa012711f0_0 .net "ca", 0 0, L_0x55fa012854a0;  alias, 1 drivers
v0x55fa012712c0_0 .net "cin", 0 0, L_0x55fa01284ce0;  alias, 1 drivers
v0x55fa01271390_0 .net "sum", 0 0, L_0x55fa01285100;  1 drivers
v0x55fa01271480_0 .net "w1", 0 0, L_0x55fa01285090;  1 drivers
v0x55fa01271540_0 .net "w2", 0 0, L_0x55fa01285200;  1 drivers
v0x55fa01271600_0 .net "w3", 0 0, L_0x55fa01285270;  1 drivers
v0x55fa012716c0_0 .net "w4", 0 0, L_0x55fa012852e0;  1 drivers
v0x55fa01271810_0 .net "w5", 0 0, L_0x55fa01285350;  1 drivers
    .scope S_0x55fa01241450;
T_0 ;
    %pushi/vec4 0, 0, 32;
    %store/vec4 v0x55fa012731c0_0, 0, 32;
    %pushi/vec4 0, 0, 32;
    %store/vec4 v0x55fa012732a0_0, 0, 32;
    %pushi/vec4 0, 0, 1;
    %store/vec4 v0x55fa012733e0_0, 0, 1;
    %delay 5, 0;
    %pushi/vec4 5, 0, 32;
    %store/vec4 v0x55fa012731c0_0, 0, 32;
    %pushi/vec4 8, 0, 32;
    %store/vec4 v0x55fa012732a0_0, 0, 32;
    %delay 5, 0;
    %pushi/vec4 14, 0, 32;
    %store/vec4 v0x55fa012731c0_0, 0, 32;
    %pushi/vec4 5, 0, 32;
    %store/vec4 v0x55fa012732a0_0, 0, 32;
    %delay 5, 0;
    %pushi/vec4 17, 0, 32;
    %store/vec4 v0x55fa012731c0_0, 0, 32;
    %pushi/vec4 10, 0, 32;
    %store/vec4 v0x55fa012732a0_0, 0, 32;
    %delay 5, 0;
    %pushi/vec4 19, 0, 32;
    %store/vec4 v0x55fa012731c0_0, 0, 32;
    %pushi/vec4 8, 0, 32;
    %store/vec4 v0x55fa012732a0_0, 0, 32;
    %delay 5, 0;
    %pushi/vec4 2, 0, 32;
    %store/vec4 v0x55fa012731c0_0, 0, 32;
    %pushi/vec4 21, 0, 32;
    %store/vec4 v0x55fa012732a0_0, 0, 32;
    %end;
    .thread T_0;
    .scope S_0x55fa01241450;
T_1 ;
    %vpi_call 2 28 "$monitor", $time, "  a = %b; b = %b; cin = %b; sum = %b; ca = %b", v0x55fa012731c0_0, v0x55fa012732a0_0, v0x55fa012733e0_0, v0x55fa01273480_0, v0x55fa01273340_0 {0 0 0};
    %vpi_call 2 30 "$dumpfile", "rca32bit.vcd" {0 0 0};
    %vpi_call 2 31 "$dumpvars" {0 0 0};
    %end;
    .thread T_1;
# The file index is used to find the file name in the following table.
:file_names 8;
    "N/A";
    "<interactive>";
    "rca32BitFullAdder_tb.v";
    "./rca32BitFullAdder.v";
    "./sixteenBitFullAdder.v";
    "./eightBitFullAdder.v";
    "./fourBitFullAdder.v";
    "./oneBitFullAdder.v";
